{"/Users/poirtyc/Desktop/sense-of-dance/backend/src/middleware/auth.js": {"path":"/Users/poirtyc/Desktop/sense-of-dance/backend/src/middleware/auth.js","statementMap":{"0":{"start":{"line":1,"column":12},"end":{"line":1,"column":35}},"1":{"start":{"line":2,"column":16},"end":{"line":2,"column":44}},"2":{"start":{"line":5,"column":21},"end":{"line":43,"column":1}},"3":{"start":{"line":9,"column":4},"end":{"line":11,"column":5}},"4":{"start":{"line":10,"column":8},"end":{"line":10,"column":56}},"5":{"start":{"line":13,"column":4},"end":{"line":18,"column":5}},"6":{"start":{"line":14,"column":8},"end":{"line":17,"column":11}},"7":{"start":{"line":20,"column":4},"end":{"line":42,"column":5}},"8":{"start":{"line":22,"column":24},"end":{"line":22,"column":65}},"9":{"start":{"line":25,"column":23},"end":{"line":25,"column":51}},"10":{"start":{"line":26,"column":8},"end":{"line":26,"column":70}},"11":{"start":{"line":28,"column":8},"end":{"line":33,"column":9}},"12":{"start":{"line":29,"column":12},"end":{"line":32,"column":15}},"13":{"start":{"line":35,"column":8},"end":{"line":35,"column":15}},"14":{"start":{"line":37,"column":8},"end":{"line":37,"column":44}},"15":{"start":{"line":38,"column":8},"end":{"line":41,"column":11}},"16":{"start":{"line":46,"column":26},"end":{"line":62,"column":1}},"17":{"start":{"line":47,"column":4},"end":{"line":52,"column":5}},"18":{"start":{"line":48,"column":8},"end":{"line":51,"column":11}},"19":{"start":{"line":54,"column":4},"end":{"line":59,"column":5}},"20":{"start":{"line":55,"column":8},"end":{"line":58,"column":11}},"21":{"start":{"line":61,"column":4},"end":{"line":61,"column":11}},"22":{"start":{"line":65,"column":21},"end":{"line":81,"column":1}},"23":{"start":{"line":66,"column":4},"end":{"line":71,"column":5}},"24":{"start":{"line":67,"column":8},"end":{"line":70,"column":11}},"25":{"start":{"line":73,"column":4},"end":{"line":78,"column":5}},"26":{"start":{"line":74,"column":8},"end":{"line":77,"column":11}},"27":{"start":{"line":80,"column":4},"end":{"line":80,"column":11}},"28":{"start":{"line":84,"column":28},"end":{"line":100,"column":1}},"29":{"start":{"line":85,"column":4},"end":{"line":90,"column":5}},"30":{"start":{"line":86,"column":8},"end":{"line":89,"column":11}},"31":{"start":{"line":92,"column":4},"end":{"line":97,"column":5}},"32":{"start":{"line":93,"column":8},"end":{"line":96,"column":11}},"33":{"start":{"line":99,"column":4},"end":{"line":99,"column":11}},"34":{"start":{"line":103,"column":30},"end":{"line":119,"column":1}},"35":{"start":{"line":104,"column":4},"end":{"line":109,"column":5}},"36":{"start":{"line":105,"column":8},"end":{"line":108,"column":11}},"37":{"start":{"line":111,"column":4},"end":{"line":116,"column":5}},"38":{"start":{"line":112,"column":8},"end":{"line":115,"column":11}},"39":{"start":{"line":118,"column":4},"end":{"line":118,"column":11}},"40":{"start":{"line":122,"column":22},"end":{"line":126,"column":1}},"41":{"start":{"line":123,"column":4},"end":{"line":125,"column":7}},"42":{"start":{"line":128,"column":0},"end":{"line":139,"column":2}}},"fnMap":{"0":{"name":"(anonymous_0)","decl":{"start":{"line":5,"column":21},"end":{"line":5,"column":22}},"loc":{"start":{"line":5,"column":47},"end":{"line":43,"column":1}},"line":5},"1":{"name":"(anonymous_1)","decl":{"start":{"line":46,"column":26},"end":{"line":46,"column":27}},"loc":{"start":{"line":46,"column":46},"end":{"line":62,"column":1}},"line":46},"2":{"name":"(anonymous_2)","decl":{"start":{"line":65,"column":21},"end":{"line":65,"column":22}},"loc":{"start":{"line":65,"column":41},"end":{"line":81,"column":1}},"line":65},"3":{"name":"(anonymous_3)","decl":{"start":{"line":84,"column":28},"end":{"line":84,"column":29}},"loc":{"start":{"line":84,"column":48},"end":{"line":100,"column":1}},"line":84},"4":{"name":"(anonymous_4)","decl":{"start":{"line":103,"column":30},"end":{"line":103,"column":31}},"loc":{"start":{"line":103,"column":50},"end":{"line":119,"column":1}},"line":103},"5":{"name":"(anonymous_5)","decl":{"start":{"line":122,"column":22},"end":{"line":122,"column":23}},"loc":{"start":{"line":122,"column":30},"end":{"line":126,"column":1}},"line":122}},"branchMap":{"0":{"loc":{"start":{"line":9,"column":4},"end":{"line":11,"column":5}},"type":"if","locations":[{"start":{"line":9,"column":4},"end":{"line":11,"column":5}},{"start":{},"end":{}}],"line":9},"1":{"loc":{"start":{"line":9,"column":8},"end":{"line":9,"column":83}},"type":"binary-expr","locations":[{"start":{"line":9,"column":8},"end":{"line":9,"column":33}},{"start":{"line":9,"column":37},"end":{"line":9,"column":83}}],"line":9},"2":{"loc":{"start":{"line":13,"column":4},"end":{"line":18,"column":5}},"type":"if","locations":[{"start":{"line":13,"column":4},"end":{"line":18,"column":5}},{"start":{},"end":{}}],"line":13},"3":{"loc":{"start":{"line":25,"column":23},"end":{"line":25,"column":51}},"type":"binary-expr","locations":[{"start":{"line":25,"column":23},"end":{"line":25,"column":37}},{"start":{"line":25,"column":41},"end":{"line":25,"column":51}}],"line":25},"4":{"loc":{"start":{"line":28,"column":8},"end":{"line":33,"column":9}},"type":"if","locations":[{"start":{"line":28,"column":8},"end":{"line":33,"column":9}},{"start":{},"end":{}}],"line":28},"5":{"loc":{"start":{"line":47,"column":4},"end":{"line":52,"column":5}},"type":"if","locations":[{"start":{"line":47,"column":4},"end":{"line":52,"column":5}},{"start":{},"end":{}}],"line":47},"6":{"loc":{"start":{"line":54,"column":4},"end":{"line":59,"column":5}},"type":"if","locations":[{"start":{"line":54,"column":4},"end":{"line":59,"column":5}},{"start":{},"end":{}}],"line":54},"7":{"loc":{"start":{"line":66,"column":4},"end":{"line":71,"column":5}},"type":"if","locations":[{"start":{"line":66,"column":4},"end":{"line":71,"column":5}},{"start":{},"end":{}}],"line":66},"8":{"loc":{"start":{"line":73,"column":4},"end":{"line":78,"column":5}},"type":"if","locations":[{"start":{"line":73,"column":4},"end":{"line":78,"column":5}},{"start":{},"end":{}}],"line":73},"9":{"loc":{"start":{"line":85,"column":4},"end":{"line":90,"column":5}},"type":"if","locations":[{"start":{"line":85,"column":4},"end":{"line":90,"column":5}},{"start":{},"end":{}}],"line":85},"10":{"loc":{"start":{"line":92,"column":4},"end":{"line":97,"column":5}},"type":"if","locations":[{"start":{"line":92,"column":4},"end":{"line":97,"column":5}},{"start":{},"end":{}}],"line":92},"11":{"loc":{"start":{"line":104,"column":4},"end":{"line":109,"column":5}},"type":"if","locations":[{"start":{"line":104,"column":4},"end":{"line":109,"column":5}},{"start":{},"end":{}}],"line":104},"12":{"loc":{"start":{"line":111,"column":4},"end":{"line":116,"column":5}},"type":"if","locations":[{"start":{"line":111,"column":4},"end":{"line":116,"column":5}},{"start":{},"end":{}}],"line":111},"13":{"loc":{"start":{"line":124,"column":19},"end":{"line":124,"column":53}},"type":"binary-expr","locations":[{"start":{"line":124,"column":19},"end":{"line":124,"column":45}},{"start":{"line":124,"column":49},"end":{"line":124,"column":53}}],"line":124}},"s":{"0":12,"1":12,"2":12,"3":85,"4":84,"5":85,"6":1,"7":84,"8":84,"9":84,"10":84,"11":84,"12":0,"13":84,"14":0,"15":0,"16":12,"17":6,"18":0,"19":6,"20":1,"21":5,"22":12,"23":30,"24":0,"25":30,"26":1,"27":29,"28":12,"29":17,"30":0,"31":17,"32":1,"33":16,"34":12,"35":12,"36":0,"37":12,"38":0,"39":12,"40":12,"41":0,"42":12},"f":{"0":85,"1":6,"2":30,"3":17,"4":12,"5":0},"b":{"0":[84,1],"1":[85,84],"2":[1,84],"3":[84,0],"4":[0,84],"5":[0,6],"6":[1,5],"7":[0,30],"8":[1,29],"9":[0,17],"10":[1,16],"11":[0,12],"12":[0,12],"13":[0,0]},"_coverageSchema":"1a1c01bbd47fc00a2c39e90264f33305004495a9","hash":"50c02ea87c639d33ca06ca4ec290c43dacaa2b75"}
,"/Users/poirtyc/Desktop/sense-of-dance/backend/src/models/Attendance.js": {"path":"/Users/poirtyc/Desktop/sense-of-dance/backend/src/models/Attendance.js","statementMap":{},"fnMap":{},"branchMap":{},"s":{},"f":{},"b":{},"_coverageSchema":"1a1c01bbd47fc00a2c39e90264f33305004495a9","hash":"0d13adb37c6315b09ea5330e18b6c436f90be6eb"}
,"/Users/poirtyc/Desktop/sense-of-dance/backend/src/models/Booking.js": {"path":"/Users/poirtyc/Desktop/sense-of-dance/backend/src/models/Booking.js","statementMap":{"0":{"start":{"line":1,"column":17},"end":{"line":1,"column":36}},"1":{"start":{"line":3,"column":22},"end":{"line":74,"column":2}},"2":{"start":{"line":77,"column":0},"end":{"line":77,"column":50}},"3":{"start":{"line":80,"column":0},"end":{"line":86,"column":2}},"4":{"start":{"line":81,"column":4},"end":{"line":81,"column":28}},"5":{"start":{"line":82,"column":4},"end":{"line":82,"column":31}},"6":{"start":{"line":83,"column":4},"end":{"line":83,"column":34}},"7":{"start":{"line":84,"column":4},"end":{"line":84,"column":22}},"8":{"start":{"line":85,"column":4},"end":{"line":85,"column":16}},"9":{"start":{"line":89,"column":0},"end":{"line":105,"column":2}},"10":{"start":{"line":90,"column":20},"end":{"line":90,"column":45}},"11":{"start":{"line":92,"column":20},"end":{"line":97,"column":6}},"12":{"start":{"line":99,"column":4},"end":{"line":99,"column":42}},"13":{"start":{"line":100,"column":4},"end":{"line":100,"column":29}},"14":{"start":{"line":101,"column":4},"end":{"line":101,"column":34}},"15":{"start":{"line":102,"column":4},"end":{"line":102,"column":22}},"16":{"start":{"line":104,"column":4},"end":{"line":104,"column":19}},"17":{"start":{"line":107,"column":0},"end":{"line":107,"column":58}}},"fnMap":{"0":{"name":"(anonymous_0)","decl":{"start":{"line":80,"column":37},"end":{"line":80,"column":38}},"loc":{"start":{"line":80,"column":72},"end":{"line":86,"column":1}},"line":80},"1":{"name":"(anonymous_1)","decl":{"start":{"line":89,"column":41},"end":{"line":89,"column":42}},"loc":{"start":{"line":89,"column":66},"end":{"line":105,"column":1}},"line":89}},"branchMap":{"0":{"loc":{"start":{"line":95,"column":18},"end":{"line":95,"column":43}},"type":"binary-expr","locations":[{"start":{"line":95,"column":18},"end":{"line":95,"column":26}},{"start":{"line":95,"column":30},"end":{"line":95,"column":43}}],"line":95}},"s":{"0":2,"1":2,"2":2,"3":2,"4":3,"5":3,"6":3,"7":3,"8":3,"9":2,"10":0,"11":0,"12":0,"13":0,"14":0,"15":0,"16":0,"17":2},"f":{"0":3,"1":0},"b":{"0":[0,0]},"_coverageSchema":"1a1c01bbd47fc00a2c39e90264f33305004495a9","hash":"c3de2b55f0a940119aee120ba248bd1d0277d4d5"}
,"/Users/poirtyc/Desktop/sense-of-dance/backend/src/models/Class.js": {"path":"/Users/poirtyc/Desktop/sense-of-dance/backend/src/models/Class.js","statementMap":{"0":{"start":{"line":1,"column":17},"end":{"line":1,"column":36}},"1":{"start":{"line":3,"column":20},"end":{"line":90,"column":2}},"2":{"start":{"line":93,"column":0},"end":{"line":93,"column":43}},"3":{"start":{"line":94,"column":0},"end":{"line":94,"column":41}},"4":{"start":{"line":95,"column":0},"end":{"line":95,"column":42}},"5":{"start":{"line":97,"column":0},"end":{"line":97,"column":54}}},"fnMap":{},"branchMap":{},"s":{"0":3,"1":3,"2":3,"3":3,"4":3,"5":3},"f":{},"b":{},"_coverageSchema":"1a1c01bbd47fc00a2c39e90264f33305004495a9","hash":"cb85df1e0fd94f29aef05bfe45ff8a3fc8adf15e"}
,"/Users/poirtyc/Desktop/sense-of-dance/backend/src/models/Direction.js": {"path":"/Users/poirtyc/Desktop/sense-of-dance/backend/src/models/Direction.js","statementMap":{"0":{"start":{"line":1,"column":17},"end":{"line":1,"column":36}},"1":{"start":{"line":3,"column":24},"end":{"line":57,"column":2}},"2":{"start":{"line":59,"column":0},"end":{"line":59,"column":62}}},"fnMap":{},"branchMap":{},"s":{"0":1,"1":1,"2":1},"f":{},"b":{},"_coverageSchema":"1a1c01bbd47fc00a2c39e90264f33305004495a9","hash":"ab4b4e78c13dfe80bd0d838a5076e2efb43b5a45"}
,"/Users/poirtyc/Desktop/sense-of-dance/backend/src/models/Freeze.js": {"path":"/Users/poirtyc/Desktop/sense-of-dance/backend/src/models/Freeze.js","statementMap":{"0":{"start":{"line":1,"column":17},"end":{"line":1,"column":36}},"1":{"start":{"line":3,"column":21},"end":{"line":84,"column":2}},"2":{"start":{"line":87,"column":0},"end":{"line":97,"column":2}},"3":{"start":{"line":88,"column":4},"end":{"line":90,"column":5}},"4":{"start":{"line":89,"column":8},"end":{"line":89,"column":52}},"5":{"start":{"line":92,"column":4},"end":{"line":92,"column":27}},"6":{"start":{"line":93,"column":4},"end":{"line":93,"column":31}},"7":{"start":{"line":94,"column":4},"end":{"line":94,"column":34}},"8":{"start":{"line":96,"column":4},"end":{"line":96,"column":22}},"9":{"start":{"line":100,"column":0},"end":{"line":111,"column":2}},"10":{"start":{"line":101,"column":4},"end":{"line":103,"column":5}},"11":{"start":{"line":102,"column":8},"end":{"line":102,"column":52}},"12":{"start":{"line":105,"column":4},"end":{"line":105,"column":29}},"13":{"start":{"line":106,"column":4},"end":{"line":106,"column":31}},"14":{"start":{"line":107,"column":4},"end":{"line":107,"column":34}},"15":{"start":{"line":108,"column":4},"end":{"line":108,"column":34}},"16":{"start":{"line":110,"column":4},"end":{"line":110,"column":22}},"17":{"start":{"line":114,"column":0},"end":{"line":131,"column":2}},"18":{"start":{"line":115,"column":4},"end":{"line":117,"column":5}},"19":{"start":{"line":116,"column":8},"end":{"line":116,"column":48}},"20":{"start":{"line":119,"column":4},"end":{"line":121,"column":5}},"21":{"start":{"line":120,"column":8},"end":{"line":120,"column":65}},"22":{"start":{"line":123,"column":4},"end":{"line":123,"column":26}},"23":{"start":{"line":126,"column":4},"end":{"line":128,"column":5}},"24":{"start":{"line":127,"column":8},"end":{"line":127,"column":34}},"25":{"start":{"line":130,"column":4},"end":{"line":130,"column":22}},"26":{"start":{"line":133,"column":0},"end":{"line":133,"column":56}}},"fnMap":{"0":{"name":"(anonymous_0)","decl":{"start":{"line":87,"column":31},"end":{"line":87,"column":32}},"loc":{"start":{"line":87,"column":55},"end":{"line":97,"column":1}},"line":87},"1":{"name":"(anonymous_1)","decl":{"start":{"line":100,"column":30},"end":{"line":100,"column":31}},"loc":{"start":{"line":100,"column":62},"end":{"line":111,"column":1}},"line":100},"2":{"name":"(anonymous_2)","decl":{"start":{"line":114,"column":32},"end":{"line":114,"column":33}},"loc":{"start":{"line":114,"column":49},"end":{"line":131,"column":1}},"line":114}},"branchMap":{"0":{"loc":{"start":{"line":88,"column":4},"end":{"line":90,"column":5}},"type":"if","locations":[{"start":{"line":88,"column":4},"end":{"line":90,"column":5}},{"start":{},"end":{}}],"line":88},"1":{"loc":{"start":{"line":101,"column":4},"end":{"line":103,"column":5}},"type":"if","locations":[{"start":{"line":101,"column":4},"end":{"line":103,"column":5}},{"start":{},"end":{}}],"line":101},"2":{"loc":{"start":{"line":115,"column":4},"end":{"line":117,"column":5}},"type":"if","locations":[{"start":{"line":115,"column":4},"end":{"line":117,"column":5}},{"start":{},"end":{}}],"line":115},"3":{"loc":{"start":{"line":119,"column":4},"end":{"line":121,"column":5}},"type":"if","locations":[{"start":{"line":119,"column":4},"end":{"line":121,"column":5}},{"start":{},"end":{}}],"line":119},"4":{"loc":{"start":{"line":126,"column":4},"end":{"line":128,"column":5}},"type":"if","locations":[{"start":{"line":126,"column":4},"end":{"line":128,"column":5}},{"start":{},"end":{}}],"line":126}},"s":{"0":4,"1":4,"2":4,"3":0,"4":0,"5":0,"6":0,"7":0,"8":0,"9":4,"10":0,"11":0,"12":0,"13":0,"14":0,"15":0,"16":0,"17":4,"18":0,"19":0,"20":0,"21":0,"22":0,"23":0,"24":0,"25":0,"26":4},"f":{"0":0,"1":0,"2":0},"b":{"0":[0,0],"1":[0,0],"2":[0,0],"3":[0,0],"4":[0,0]},"_coverageSchema":"1a1c01bbd47fc00a2c39e90264f33305004495a9","hash":"37c25f5f907e5ba31edab400274bb089086e1faa"}
,"/Users/poirtyc/Desktop/sense-of-dance/backend/src/models/Group.js": {"path":"/Users/poirtyc/Desktop/sense-of-dance/backend/src/models/Group.js","statementMap":{"0":{"start":{"line":1,"column":17},"end":{"line":1,"column":36}},"1":{"start":{"line":3,"column":20},"end":{"line":93,"column":2}},"2":{"start":{"line":96,"column":0},"end":{"line":98,"column":3}},"3":{"start":{"line":97,"column":4},"end":{"line":97,"column":52}},"4":{"start":{"line":101,"column":0},"end":{"line":103,"column":3}},"5":{"start":{"line":102,"column":4},"end":{"line":102,"column":71}},"6":{"start":{"line":106,"column":0},"end":{"line":109,"column":2}},"7":{"start":{"line":107,"column":17},"end":{"line":107,"column":59}},"8":{"start":{"line":108,"column":4},"end":{"line":108,"column":83}},"9":{"start":{"line":108,"column":34},"end":{"line":108,"column":70}},"10":{"start":{"line":111,"column":0},"end":{"line":111,"column":54}}},"fnMap":{"0":{"name":"(anonymous_0)","decl":{"start":{"line":96,"column":34},"end":{"line":96,"column":35}},"loc":{"start":{"line":96,"column":45},"end":{"line":98,"column":1}},"line":96},"1":{"name":"(anonymous_1)","decl":{"start":{"line":101,"column":42},"end":{"line":101,"column":43}},"loc":{"start":{"line":101,"column":53},"end":{"line":103,"column":1}},"line":101},"2":{"name":"(anonymous_2)","decl":{"start":{"line":106,"column":38},"end":{"line":106,"column":39}},"loc":{"start":{"line":106,"column":49},"end":{"line":109,"column":1}},"line":106},"3":{"name":"(anonymous_3)","decl":{"start":{"line":108,"column":29},"end":{"line":108,"column":30}},"loc":{"start":{"line":108,"column":34},"end":{"line":108,"column":70}},"line":108}},"branchMap":{},"s":{"0":8,"1":8,"2":8,"3":0,"4":8,"5":0,"6":8,"7":0,"8":0,"9":0,"10":8},"f":{"0":0,"1":0,"2":0,"3":0},"b":{},"_coverageSchema":"1a1c01bbd47fc00a2c39e90264f33305004495a9","hash":"6c774c8fa75be5cb84ece97ab5d04e12e778bcbe"}
,"/Users/poirtyc/Desktop/sense-of-dance/backend/src/models/Membership.js": {"path":"/Users/poirtyc/Desktop/sense-of-dance/backend/src/models/Membership.js","statementMap":{"0":{"start":{"line":1,"column":17},"end":{"line":1,"column":36}},"1":{"start":{"line":3,"column":25},"end":{"line":126,"column":2}},"2":{"start":{"line":129,"column":0},"end":{"line":151,"column":2}},"3":{"start":{"line":130,"column":4},"end":{"line":132,"column":5}},"4":{"start":{"line":131,"column":8},"end":{"line":131,"column":49}},"5":{"start":{"line":134,"column":4},"end":{"line":134,"column":31}},"6":{"start":{"line":135,"column":4},"end":{"line":135,"column":26}},"7":{"start":{"line":137,"column":4},"end":{"line":143,"column":7}},"8":{"start":{"line":146,"column":4},"end":{"line":148,"column":5}},"9":{"start":{"line":147,"column":8},"end":{"line":147,"column":32}},"10":{"start":{"line":150,"column":4},"end":{"line":150,"column":22}},"11":{"start":{"line":154,"column":0},"end":{"line":172,"column":2}},"12":{"start":{"line":155,"column":4},"end":{"line":155,"column":36}},"13":{"start":{"line":156,"column":4},"end":{"line":156,"column":32}},"14":{"start":{"line":158,"column":4},"end":{"line":164,"column":7}},"15":{"start":{"line":167,"column":4},"end":{"line":169,"column":5}},"16":{"start":{"line":168,"column":8},"end":{"line":168,"column":31}},"17":{"start":{"line":171,"column":4},"end":{"line":171,"column":22}},"18":{"start":{"line":175,"column":0},"end":{"line":191,"column":2}},"19":{"start":{"line":176,"column":4},"end":{"line":178,"column":5}},"20":{"start":{"line":177,"column":8},"end":{"line":177,"column":51}},"21":{"start":{"line":180,"column":4},"end":{"line":180,"column":26}},"22":{"start":{"line":182,"column":4},"end":{"line":188,"column":7}},"23":{"start":{"line":190,"column":4},"end":{"line":190,"column":22}},"24":{"start":{"line":193,"column":0},"end":{"line":193,"column":64}},"25":{"start":{"line":196,"column":0},"end":{"line":231,"column":2}},"26":{"start":{"line":197,"column":25},"end":{"line":201,"column":5}},"27":{"start":{"line":204,"column":30},"end":{"line":207,"column":6}},"28":{"start":{"line":209,"column":29},"end":{"line":209,"column":87}},"29":{"start":{"line":212,"column":4},"end":{"line":215,"column":5}},"30":{"start":{"line":213,"column":8},"end":{"line":213,"column":45}},"31":{"start":{"line":214,"column":8},"end":{"line":214,"column":39}},"32":{"start":{"line":218,"column":26},"end":{"line":228,"column":6}},"33":{"start":{"line":230,"column":4},"end":{"line":230,"column":25}},"34":{"start":{"line":233,"column":0},"end":{"line":233,"column":64}}},"fnMap":{"0":{"name":"(anonymous_0)","decl":{"start":{"line":129,"column":39},"end":{"line":129,"column":40}},"loc":{"start":{"line":129,"column":92},"end":{"line":151,"column":1}},"line":129},"1":{"name":"(anonymous_1)","decl":{"start":{"line":154,"column":38},"end":{"line":154,"column":39}},"loc":{"start":{"line":154,"column":78},"end":{"line":172,"column":1}},"line":154},"2":{"name":"(anonymous_2)","decl":{"start":{"line":175,"column":41},"end":{"line":175,"column":42}},"loc":{"start":{"line":175,"column":66},"end":{"line":191,"column":1}},"line":175},"3":{"name":"(anonymous_3)","decl":{"start":{"line":196,"column":33},"end":{"line":196,"column":34}},"loc":{"start":{"line":196,"column":78},"end":{"line":231,"column":1}},"line":196}},"branchMap":{"0":{"loc":{"start":{"line":129,"column":63},"end":{"line":129,"column":90}},"type":"default-arg","locations":[{"start":{"line":129,"column":72},"end":{"line":129,"column":90}}],"line":129},"1":{"loc":{"start":{"line":130,"column":4},"end":{"line":132,"column":5}},"type":"if","locations":[{"start":{"line":130,"column":4},"end":{"line":132,"column":5}},{"start":{},"end":{}}],"line":130},"2":{"loc":{"start":{"line":146,"column":4},"end":{"line":148,"column":5}},"type":"if","locations":[{"start":{"line":146,"column":4},"end":{"line":148,"column":5}},{"start":{},"end":{}}],"line":146},"3":{"loc":{"start":{"line":167,"column":4},"end":{"line":169,"column":5}},"type":"if","locations":[{"start":{"line":167,"column":4},"end":{"line":169,"column":5}},{"start":{},"end":{}}],"line":167},"4":{"loc":{"start":{"line":167,"column":8},"end":{"line":167,"column":62}},"type":"binary-expr","locations":[{"start":{"line":167,"column":8},"end":{"line":167,"column":33}},{"start":{"line":167,"column":37},"end":{"line":167,"column":62}}],"line":167},"5":{"loc":{"start":{"line":176,"column":4},"end":{"line":178,"column":5}},"type":"if","locations":[{"start":{"line":176,"column":4},"end":{"line":178,"column":5}},{"start":{},"end":{}}],"line":176},"6":{"loc":{"start":{"line":209,"column":29},"end":{"line":209,"column":87}},"type":"cond-expr","locations":[{"start":{"line":209,"column":49},"end":{"line":209,"column":83}},{"start":{"line":209,"column":86},"end":{"line":209,"column":87}}],"line":209},"7":{"loc":{"start":{"line":212,"column":4},"end":{"line":215,"column":5}},"type":"if","locations":[{"start":{"line":212,"column":4},"end":{"line":215,"column":5}},{"start":{},"end":{}}],"line":212}},"s":{"0":6,"1":6,"2":6,"3":0,"4":0,"5":0,"6":0,"7":0,"8":0,"9":0,"10":0,"11":6,"12":2,"13":2,"14":2,"15":2,"16":0,"17":2,"18":6,"19":0,"20":0,"21":0,"22":0,"23":0,"24":6,"25":6,"26":0,"27":0,"28":0,"29":0,"30":0,"31":0,"32":0,"33":0,"34":6},"f":{"0":0,"1":2,"2":0,"3":0},"b":{"0":[0],"1":[0,0],"2":[0,0],"3":[0,2],"4":[2,0],"5":[0,0],"6":[0,0],"7":[0,0]},"_coverageSchema":"1a1c01bbd47fc00a2c39e90264f33305004495a9","hash":"f4649fd5ca14efcec01890740cd625988e750de0"}
,"/Users/poirtyc/Desktop/sense-of-dance/backend/src/models/Payment.js": {"path":"/Users/poirtyc/Desktop/sense-of-dance/backend/src/models/Payment.js","statementMap":{"0":{"start":{"line":1,"column":17},"end":{"line":1,"column":36}},"1":{"start":{"line":3,"column":22},"end":{"line":39,"column":2}},"2":{"start":{"line":41,"column":0},"end":{"line":41,"column":58}}},"fnMap":{},"branchMap":{},"s":{"0":2,"1":2,"2":2},"f":{},"b":{},"_coverageSchema":"1a1c01bbd47fc00a2c39e90264f33305004495a9","hash":"f65149a23d72c4dd1589ab7ced7855b482f9a224"}
,"/Users/poirtyc/Desktop/sense-of-dance/backend/src/models/Practice.js": {"path":"/Users/poirtyc/Desktop/sense-of-dance/backend/src/models/Practice.js","statementMap":{},"fnMap":{},"branchMap":{},"s":{},"f":{},"b":{}}
,"/Users/poirtyc/Desktop/sense-of-dance/backend/src/models/RolePermissions.js": {"path":"/Users/poirtyc/Desktop/sense-of-dance/backend/src/models/RolePermissions.js","statementMap":{"0":{"start":{"line":1,"column":17},"end":{"line":1,"column":36}},"1":{"start":{"line":3,"column":30},"end":{"line":76,"column":2}},"2":{"start":{"line":79,"column":0},"end":{"line":277,"column":2}},"3":{"start":{"line":80,"column":21},"end":{"line":274,"column":5}},"4":{"start":{"line":276,"column":4},"end":{"line":276,"column":46}},"5":{"start":{"line":279,"column":0},"end":{"line":279,"column":74}}},"fnMap":{"0":{"name":"(anonymous_0)","decl":{"start":{"line":79,"column":54},"end":{"line":79,"column":55}},"loc":{"start":{"line":79,"column":69},"end":{"line":277,"column":1}},"line":79}},"branchMap":{"0":{"loc":{"start":{"line":276,"column":11},"end":{"line":276,"column":45}},"type":"binary-expr","locations":[{"start":{"line":276,"column":11},"end":{"line":276,"column":25}},{"start":{"line":276,"column":29},"end":{"line":276,"column":45}}],"line":276}},"s":{"0":1,"1":1,"2":1,"3":5,"4":5,"5":1},"f":{"0":5},"b":{"0":[5,0]},"_coverageSchema":"1a1c01bbd47fc00a2c39e90264f33305004495a9","hash":"4e22ae5ee7920311c2f1c8083da470bac4f3d4aa"}
,"/Users/poirtyc/Desktop/sense-of-dance/backend/src/models/Room.js": {"path":"/Users/poirtyc/Desktop/sense-of-dance/backend/src/models/Room.js","statementMap":{"0":{"start":{"line":1,"column":17},"end":{"line":1,"column":36}},"1":{"start":{"line":3,"column":19},"end":{"line":23,"column":2}},"2":{"start":{"line":26,"column":0},"end":{"line":26,"column":34}},"3":{"start":{"line":28,"column":0},"end":{"line":28,"column":52}}},"fnMap":{},"branchMap":{},"s":{"0":1,"1":1,"2":1,"3":1},"f":{},"b":{},"_coverageSchema":"1a1c01bbd47fc00a2c39e90264f33305004495a9","hash":"9f4156d84d0ae006f05de40b3e78946550ed1d4a"}
,"/Users/poirtyc/Desktop/sense-of-dance/backend/src/models/Student.js": {"path":"/Users/poirtyc/Desktop/sense-of-dance/backend/src/models/Student.js","statementMap":{"0":{"start":{"line":1,"column":17},"end":{"line":1,"column":36}},"1":{"start":{"line":2,"column":15},"end":{"line":2,"column":34}},"2":{"start":{"line":4,"column":22},"end":{"line":111,"column":2}},"3":{"start":{"line":41,"column":12},"end":{"line":41,"column":43}},"4":{"start":{"line":114,"column":0},"end":{"line":126,"column":3}},"5":{"start":{"line":115,"column":4},"end":{"line":117,"column":5}},"6":{"start":{"line":116,"column":8},"end":{"line":116,"column":22}},"7":{"start":{"line":119,"column":4},"end":{"line":125,"column":5}},"8":{"start":{"line":120,"column":21},"end":{"line":120,"column":45}},"9":{"start":{"line":121,"column":8},"end":{"line":121,"column":63}},"10":{"start":{"line":122,"column":8},"end":{"line":122,"column":15}},"11":{"start":{"line":124,"column":8},"end":{"line":124,"column":20}},"12":{"start":{"line":129,"column":0},"end":{"line":131,"column":2}},"13":{"start":{"line":130,"column":4},"end":{"line":130,"column":66}},"14":{"start":{"line":134,"column":0},"end":{"line":138,"column":2}},"15":{"start":{"line":135,"column":16},"end":{"line":135,"column":31}},"16":{"start":{"line":136,"column":4},"end":{"line":136,"column":24}},"17":{"start":{"line":137,"column":4},"end":{"line":137,"column":15}},"18":{"start":{"line":141,"column":0},"end":{"line":143,"column":3}},"19":{"start":{"line":142,"column":4},"end":{"line":142,"column":65}},"20":{"start":{"line":142,"column":35},"end":{"line":142,"column":56}},"21":{"start":{"line":145,"column":0},"end":{"line":145,"column":58}}},"fnMap":{"0":{"name":"(anonymous_0)","decl":{"start":{"line":39,"column":18},"end":{"line":39,"column":19}},"loc":{"start":{"line":39,"column":29},"end":{"line":42,"column":9}},"line":39},"1":{"name":"(anonymous_1)","decl":{"start":{"line":114,"column":26},"end":{"line":114,"column":27}},"loc":{"start":{"line":114,"column":47},"end":{"line":126,"column":1}},"line":114},"2":{"name":"(anonymous_2)","decl":{"start":{"line":129,"column":40},"end":{"line":129,"column":41}},"loc":{"start":{"line":129,"column":74},"end":{"line":131,"column":1}},"line":129},"3":{"name":"(anonymous_3)","decl":{"start":{"line":134,"column":31},"end":{"line":134,"column":32}},"loc":{"start":{"line":134,"column":42},"end":{"line":138,"column":1}},"line":134},"4":{"name":"(anonymous_4)","decl":{"start":{"line":141,"column":41},"end":{"line":141,"column":42}},"loc":{"start":{"line":141,"column":52},"end":{"line":143,"column":1}},"line":141},"5":{"name":"(anonymous_5)","decl":{"start":{"line":142,"column":30},"end":{"line":142,"column":31}},"loc":{"start":{"line":142,"column":35},"end":{"line":142,"column":56}},"line":142}},"branchMap":{"0":{"loc":{"start":{"line":115,"column":4},"end":{"line":117,"column":5}},"type":"if","locations":[{"start":{"line":115,"column":4},"end":{"line":117,"column":5}},{"start":{},"end":{}}],"line":115}},"s":{"0":13,"1":13,"2":13,"3":215,"4":13,"5":215,"6":8,"7":207,"8":207,"9":207,"10":207,"11":0,"12":13,"13":2,"14":13,"15":21,"16":21,"17":21,"18":13,"19":0,"20":0,"21":13},"f":{"0":215,"1":215,"2":2,"3":21,"4":0,"5":0},"b":{"0":[8,207]},"_coverageSchema":"1a1c01bbd47fc00a2c39e90264f33305004495a9","hash":"f649166c269cb94f995e3cb6aea92c9da977b0d5"}
,"/Users/poirtyc/Desktop/sense-of-dance/backend/src/routes/admin.js": {"path":"/Users/poirtyc/Desktop/sense-of-dance/backend/src/routes/admin.js","statementMap":{"0":{"start":{"line":1,"column":16},"end":{"line":1,"column":34}},"1":{"start":{"line":2,"column":15},"end":{"line":2,"column":31}},"2":{"start":{"line":3,"column":16},"end":{"line":3,"column":44}},"3":{"start":{"line":4,"column":14},"end":{"line":4,"column":40}},"4":{"start":{"line":5,"column":19},"end":{"line":5,"column":50}},"5":{"start":{"line":6,"column":16},"end":{"line":6,"column":44}},"6":{"start":{"line":7,"column":16},"end":{"line":7,"column":44}},"7":{"start":{"line":8,"column":19},"end":{"line":8,"column":50}},"8":{"start":{"line":9,"column":80},"end":{"line":9,"column":109}},"9":{"start":{"line":12,"column":17},"end":{"line":12,"column":21}},"10":{"start":{"line":13,"column":21},"end":{"line":13,"column":25}},"11":{"start":{"line":14,"column":23},"end":{"line":14,"column":36}},"12":{"start":{"line":19,"column":0},"end":{"line":92,"column":3}},"13":{"start":{"line":21,"column":16},"end":{"line":21,"column":26}},"14":{"start":{"line":22,"column":4},"end":{"line":24,"column":5}},"15":{"start":{"line":23,"column":8},"end":{"line":23,"column":76}},"16":{"start":{"line":25,"column":4},"end":{"line":91,"column":5}},"17":{"start":{"line":27,"column":29},"end":{"line":27,"column":39}},"18":{"start":{"line":28,"column":8},"end":{"line":28,"column":32}},"19":{"start":{"line":29,"column":8},"end":{"line":29,"column":42}},"20":{"start":{"line":41,"column":12},"end":{"line":66,"column":10}},"21":{"start":{"line":68,"column":31},"end":{"line":68,"column":88}},"22":{"start":{"line":70,"column":22},"end":{"line":79,"column":9}},"23":{"start":{"line":82,"column":8},"end":{"line":82,"column":27}},"24":{"start":{"line":83,"column":8},"end":{"line":83,"column":36}},"25":{"start":{"line":85,"column":8},"end":{"line":85,"column":43}},"26":{"start":{"line":87,"column":8},"end":{"line":87,"column":49}},"27":{"start":{"line":88,"column":8},"end":{"line":90,"column":11}},"28":{"start":{"line":97,"column":0},"end":{"line":117,"column":3}},"29":{"start":{"line":98,"column":4},"end":{"line":116,"column":5}},"30":{"start":{"line":99,"column":28},"end":{"line":104,"column":38}},"31":{"start":{"line":106,"column":8},"end":{"line":110,"column":11}},"32":{"start":{"line":112,"column":8},"end":{"line":112,"column":64}},"33":{"start":{"line":113,"column":8},"end":{"line":115,"column":11}},"34":{"start":{"line":122,"column":0},"end":{"line":155,"column":3}},"35":{"start":{"line":123,"column":4},"end":{"line":154,"column":5}},"36":{"start":{"line":124,"column":48},"end":{"line":124,"column":57}},"37":{"start":{"line":126,"column":23},"end":{"line":126,"column":25}},"38":{"start":{"line":128,"column":8},"end":{"line":133,"column":9}},"39":{"start":{"line":129,"column":12},"end":{"line":132,"column":14}},"40":{"start":{"line":135,"column":8},"end":{"line":137,"column":9}},"41":{"start":{"line":136,"column":12},"end":{"line":136,"column":35}},"42":{"start":{"line":139,"column":27},"end":{"line":142,"column":31}},"43":{"start":{"line":144,"column":8},"end":{"line":148,"column":11}},"44":{"start":{"line":150,"column":8},"end":{"line":150,"column":61}},"45":{"start":{"line":151,"column":8},"end":{"line":153,"column":11}},"46":{"start":{"line":157,"column":0},"end":{"line":157,"column":24}}},"fnMap":{"0":{"name":"(anonymous_0)","decl":{"start":{"line":19,"column":51},"end":{"line":19,"column":52}},"loc":{"start":{"line":19,"column":71},"end":{"line":92,"column":1}},"line":19},"1":{"name":"(anonymous_1)","decl":{"start":{"line":97,"column":56},"end":{"line":97,"column":57}},"loc":{"start":{"line":97,"column":76},"end":{"line":117,"column":1}},"line":97},"2":{"name":"(anonymous_2)","decl":{"start":{"line":122,"column":53},"end":{"line":122,"column":54}},"loc":{"start":{"line":122,"column":73},"end":{"line":155,"column":1}},"line":122}},"branchMap":{"0":{"loc":{"start":{"line":22,"column":4},"end":{"line":24,"column":5}},"type":"if","locations":[{"start":{"line":22,"column":4},"end":{"line":24,"column":5}},{"start":{},"end":{}}],"line":22},"1":{"loc":{"start":{"line":22,"column":8},"end":{"line":22,"column":79}},"type":"binary-expr","locations":[{"start":{"line":22,"column":8},"end":{"line":22,"column":18}},{"start":{"line":22,"column":22},"end":{"line":22,"column":36}},{"start":{"line":22,"column":41},"end":{"line":22,"column":78}}],"line":22},"2":{"loc":{"start":{"line":68,"column":31},"end":{"line":68,"column":88}},"type":"cond-expr","locations":[{"start":{"line":68,"column":60},"end":{"line":68,"column":84}},{"start":{"line":68,"column":87},"end":{"line":68,"column":88}}],"line":68},"3":{"loc":{"start":{"line":128,"column":8},"end":{"line":133,"column":9}},"type":"if","locations":[{"start":{"line":128,"column":8},"end":{"line":133,"column":9}},{"start":{},"end":{}}],"line":128},"4":{"loc":{"start":{"line":128,"column":12},"end":{"line":128,"column":32}},"type":"binary-expr","locations":[{"start":{"line":128,"column":12},"end":{"line":128,"column":21}},{"start":{"line":128,"column":25},"end":{"line":128,"column":32}}],"line":128},"5":{"loc":{"start":{"line":135,"column":8},"end":{"line":137,"column":9}},"type":"if","locations":[{"start":{"line":135,"column":8},"end":{"line":137,"column":9}},{"start":{},"end":{}}],"line":135}},"s":{"0":1,"1":1,"2":1,"3":1,"4":1,"5":1,"6":1,"7":1,"8":1,"9":1,"10":1,"11":1,"12":1,"13":1,"14":1,"15":0,"16":1,"17":1,"18":1,"19":1,"20":1,"21":1,"22":1,"23":1,"24":1,"25":1,"26":0,"27":0,"28":1,"29":0,"30":0,"31":0,"32":0,"33":0,"34":1,"35":0,"36":0,"37":0,"38":0,"39":0,"40":0,"41":0,"42":0,"43":0,"44":0,"45":0,"46":1},"f":{"0":1,"1":0,"2":0},"b":{"0":[0,1],"1":[1,0,0],"2":[0,1],"3":[0,0],"4":[0,0],"5":[0,0]},"_coverageSchema":"1a1c01bbd47fc00a2c39e90264f33305004495a9","hash":"494a4c69df0748bb60e6e527d19c1b920fbb5d9e"}
,"/Users/poirtyc/Desktop/sense-of-dance/backend/src/routes/auth.js": {"path":"/Users/poirtyc/Desktop/sense-of-dance/backend/src/routes/auth.js","statementMap":{"0":{"start":{"line":1,"column":16},"end":{"line":1,"column":34}},"1":{"start":{"line":2,"column":15},"end":{"line":2,"column":31}},"2":{"start":{"line":3,"column":12},"end":{"line":3,"column":35}},"3":{"start":{"line":4,"column":16},"end":{"line":4,"column":44}},"4":{"start":{"line":9,"column":0},"end":{"line":60,"column":3}},"5":{"start":{"line":10,"column":4},"end":{"line":59,"column":5}},"6":{"start":{"line":11,"column":36},"end":{"line":11,"column":44}},"7":{"start":{"line":14,"column":21},"end":{"line":14,"column":73}},"8":{"start":{"line":16,"column":8},"end":{"line":21,"column":9}},"9":{"start":{"line":17,"column":12},"end":{"line":20,"column":15}},"10":{"start":{"line":24,"column":24},"end":{"line":24,"column":60}},"11":{"start":{"line":26,"column":8},"end":{"line":31,"column":9}},"12":{"start":{"line":27,"column":12},"end":{"line":30,"column":15}},"13":{"start":{"line":34,"column":22},"end":{"line":38,"column":9}},"14":{"start":{"line":40,"column":8},"end":{"line":40,"column":68}},"15":{"start":{"line":42,"column":8},"end":{"line":52,"column":11}},"16":{"start":{"line":54,"column":8},"end":{"line":54,"column":45}},"17":{"start":{"line":55,"column":8},"end":{"line":58,"column":11}},"18":{"start":{"line":65,"column":0},"end":{"line":125,"column":3}},"19":{"start":{"line":66,"column":4},"end":{"line":124,"column":5}},"20":{"start":{"line":67,"column":57},"end":{"line":67,"column":65}},"21":{"start":{"line":70,"column":8},"end":{"line":75,"column":9}},"22":{"start":{"line":71,"column":12},"end":{"line":74,"column":15}},"23":{"start":{"line":78,"column":29},"end":{"line":78,"column":61}},"24":{"start":{"line":80,"column":8},"end":{"line":85,"column":9}},"25":{"start":{"line":81,"column":12},"end":{"line":84,"column":15}},"26":{"start":{"line":88,"column":21},"end":{"line":96,"column":10}},"27":{"start":{"line":99,"column":22},"end":{"line":103,"column":9}},"28":{"start":{"line":105,"column":8},"end":{"line":105,"column":51}},"29":{"start":{"line":107,"column":8},"end":{"line":117,"column":11}},"30":{"start":{"line":119,"column":8},"end":{"line":119,"column":48}},"31":{"start":{"line":120,"column":8},"end":{"line":123,"column":11}},"32":{"start":{"line":127,"column":0},"end":{"line":127,"column":24}}},"fnMap":{"0":{"name":"(anonymous_0)","decl":{"start":{"line":9,"column":22},"end":{"line":9,"column":23}},"loc":{"start":{"line":9,"column":42},"end":{"line":60,"column":1}},"line":9},"1":{"name":"(anonymous_1)","decl":{"start":{"line":65,"column":25},"end":{"line":65,"column":26}},"loc":{"start":{"line":65,"column":45},"end":{"line":125,"column":1}},"line":65}},"branchMap":{"0":{"loc":{"start":{"line":16,"column":8},"end":{"line":21,"column":9}},"type":"if","locations":[{"start":{"line":16,"column":8},"end":{"line":21,"column":9}},{"start":{},"end":{}}],"line":16},"1":{"loc":{"start":{"line":26,"column":8},"end":{"line":31,"column":9}},"type":"if","locations":[{"start":{"line":26,"column":8},"end":{"line":31,"column":9}},{"start":{},"end":{}}],"line":26},"2":{"loc":{"start":{"line":70,"column":8},"end":{"line":75,"column":9}},"type":"if","locations":[{"start":{"line":70,"column":8},"end":{"line":75,"column":9}},{"start":{},"end":{}}],"line":70},"3":{"loc":{"start":{"line":70,"column":12},"end":{"line":70,"column":51}},"type":"binary-expr","locations":[{"start":{"line":70,"column":12},"end":{"line":70,"column":17}},{"start":{"line":70,"column":21},"end":{"line":70,"column":27}},{"start":{"line":70,"column":31},"end":{"line":70,"column":40}},{"start":{"line":70,"column":44},"end":{"line":70,"column":51}}],"line":70},"4":{"loc":{"start":{"line":80,"column":8},"end":{"line":85,"column":9}},"type":"if","locations":[{"start":{"line":80,"column":8},"end":{"line":85,"column":9}},{"start":{},"end":{}}],"line":80}},"s":{"0":1,"1":1,"2":1,"3":1,"4":1,"5":3,"6":3,"7":3,"8":3,"9":1,"10":2,"11":2,"12":1,"13":1,"14":1,"15":1,"16":0,"17":0,"18":1,"19":3,"20":3,"21":3,"22":1,"23":2,"24":2,"25":1,"26":1,"27":1,"28":1,"29":1,"30":0,"31":0,"32":1},"f":{"0":3,"1":3},"b":{"0":[1,2],"1":[1,1],"2":[1,2],"3":[3,2,2,2],"4":[1,1]},"_coverageSchema":"1a1c01bbd47fc00a2c39e90264f33305004495a9","hash":"528112cfd280de4a5fe0e6ce3717fffec5825c5e"}
,"/Users/poirtyc/Desktop/sense-of-dance/backend/src/routes/bookings.js": {"path":"/Users/poirtyc/Desktop/sense-of-dance/backend/src/routes/bookings.js","statementMap":{"0":{"start":{"line":1,"column":16},"end":{"line":1,"column":34}},"1":{"start":{"line":2,"column":15},"end":{"line":2,"column":31}},"2":{"start":{"line":3,"column":35},"end":{"line":3,"column":63}},"3":{"start":{"line":4,"column":16},"end":{"line":4,"column":44}},"4":{"start":{"line":5,"column":60},"end":{"line":5,"column":89}},"5":{"start":{"line":6,"column":59},"end":{"line":6,"column":87}},"6":{"start":{"line":11,"column":0},"end":{"line":48,"column":3}},"7":{"start":{"line":16,"column":4},"end":{"line":47,"column":5}},"8":{"start":{"line":17,"column":23},"end":{"line":17,"column":44}},"9":{"start":{"line":18,"column":8},"end":{"line":20,"column":9}},"10":{"start":{"line":19,"column":12},"end":{"line":19,"column":68}},"11":{"start":{"line":22,"column":51},"end":{"line":22,"column":59}},"12":{"start":{"line":24,"column":24},"end":{"line":31,"column":10}},"13":{"start":{"line":34,"column":24},"end":{"line":34,"column":53}},"14":{"start":{"line":35,"column":8},"end":{"line":35,"column":48}},"15":{"start":{"line":37,"column":8},"end":{"line":41,"column":11}},"16":{"start":{"line":43,"column":8},"end":{"line":43,"column":54}},"17":{"start":{"line":44,"column":8},"end":{"line":46,"column":11}},"18":{"start":{"line":53,"column":0},"end":{"line":78,"column":3}},"19":{"start":{"line":54,"column":4},"end":{"line":77,"column":5}},"20":{"start":{"line":55,"column":27},"end":{"line":55,"column":36}},"21":{"start":{"line":57,"column":23},"end":{"line":57,"column":25}},"22":{"start":{"line":58,"column":8},"end":{"line":60,"column":9}},"23":{"start":{"line":59,"column":12},"end":{"line":59,"column":35}},"24":{"start":{"line":62,"column":25},"end":{"line":65,"column":36}},"25":{"start":{"line":67,"column":8},"end":{"line":71,"column":11}},"26":{"start":{"line":73,"column":8},"end":{"line":73,"column":52}},"27":{"start":{"line":74,"column":8},"end":{"line":76,"column":11}},"28":{"start":{"line":83,"column":0},"end":{"line":105,"column":3}},"29":{"start":{"line":84,"column":4},"end":{"line":104,"column":5}},"30":{"start":{"line":85,"column":24},"end":{"line":87,"column":57}},"31":{"start":{"line":89,"column":8},"end":{"line":93,"column":9}},"32":{"start":{"line":90,"column":12},"end":{"line":92,"column":15}},"33":{"start":{"line":95,"column":8},"end":{"line":98,"column":11}},"34":{"start":{"line":100,"column":8},"end":{"line":100,"column":51}},"35":{"start":{"line":101,"column":8},"end":{"line":103,"column":11}},"36":{"start":{"line":110,"column":0},"end":{"line":142,"column":3}},"37":{"start":{"line":113,"column":4},"end":{"line":141,"column":5}},"38":{"start":{"line":114,"column":23},"end":{"line":114,"column":44}},"39":{"start":{"line":115,"column":8},"end":{"line":117,"column":9}},"40":{"start":{"line":116,"column":12},"end":{"line":116,"column":68}},"41":{"start":{"line":119,"column":27},"end":{"line":119,"column":35}},"42":{"start":{"line":121,"column":24},"end":{"line":121,"column":61}},"43":{"start":{"line":123,"column":8},"end":{"line":127,"column":9}},"44":{"start":{"line":124,"column":12},"end":{"line":126,"column":15}},"45":{"start":{"line":129,"column":8},"end":{"line":129,"column":57}},"46":{"start":{"line":131,"column":8},"end":{"line":135,"column":11}},"47":{"start":{"line":137,"column":8},"end":{"line":137,"column":53}},"48":{"start":{"line":138,"column":8},"end":{"line":140,"column":11}},"49":{"start":{"line":147,"column":0},"end":{"line":182,"column":3}},"50":{"start":{"line":152,"column":4},"end":{"line":181,"column":5}},"51":{"start":{"line":153,"column":23},"end":{"line":153,"column":44}},"52":{"start":{"line":154,"column":8},"end":{"line":156,"column":9}},"53":{"start":{"line":155,"column":12},"end":{"line":155,"column":68}},"54":{"start":{"line":158,"column":58},"end":{"line":158,"column":66}},"55":{"start":{"line":160,"column":24},"end":{"line":169,"column":10}},"56":{"start":{"line":171,"column":8},"end":{"line":175,"column":11}},"57":{"start":{"line":177,"column":8},"end":{"line":177,"column":60}},"58":{"start":{"line":178,"column":8},"end":{"line":180,"column":11}},"59":{"start":{"line":187,"column":0},"end":{"line":354,"column":3}},"60":{"start":{"line":190,"column":4},"end":{"line":353,"column":5}},"61":{"start":{"line":191,"column":24},"end":{"line":191,"column":61}},"62":{"start":{"line":193,"column":8},"end":{"line":198,"column":9}},"63":{"start":{"line":194,"column":12},"end":{"line":197,"column":15}},"64":{"start":{"line":200,"column":8},"end":{"line":205,"column":9}},"65":{"start":{"line":201,"column":12},"end":{"line":204,"column":15}},"66":{"start":{"line":208,"column":24},"end":{"line":208,"column":52}},"67":{"start":{"line":209,"column":32},"end":{"line":209,"column":79}},"68":{"start":{"line":211,"column":8},"end":{"line":216,"column":9}},"69":{"start":{"line":212,"column":12},"end":{"line":215,"column":15}},"70":{"start":{"line":219,"column":52},"end":{"line":219,"column":60}},"71":{"start":{"line":221,"column":8},"end":{"line":226,"column":9}},"72":{"start":{"line":222,"column":12},"end":{"line":225,"column":15}},"73":{"start":{"line":228,"column":8},"end":{"line":233,"column":9}},"74":{"start":{"line":229,"column":12},"end":{"line":232,"column":15}},"75":{"start":{"line":235,"column":8},"end":{"line":240,"column":9}},"76":{"start":{"line":236,"column":12},"end":{"line":239,"column":15}},"77":{"start":{"line":243,"column":22},"end":{"line":243,"column":48}},"78":{"start":{"line":244,"column":22},"end":{"line":244,"column":51}},"79":{"start":{"line":245,"column":8},"end":{"line":250,"column":9}},"80":{"start":{"line":246,"column":12},"end":{"line":249,"column":15}},"81":{"start":{"line":253,"column":34},"end":{"line":253,"column":91}},"82":{"start":{"line":256,"column":24},"end":{"line":267,"column":10}},"83":{"start":{"line":270,"column":27},"end":{"line":270,"column":58}},"84":{"start":{"line":273,"column":8},"end":{"line":286,"column":9}},"85":{"start":{"line":275,"column":16},"end":{"line":275,"column":33}},"86":{"start":{"line":276,"column":16},"end":{"line":276,"column":30}},"87":{"start":{"line":277,"column":16},"end":{"line":277,"column":22}},"88":{"start":{"line":279,"column":16},"end":{"line":279,"column":33}},"89":{"start":{"line":280,"column":16},"end":{"line":280,"column":31}},"90":{"start":{"line":281,"column":16},"end":{"line":281,"column":22}},"91":{"start":{"line":283,"column":16},"end":{"line":283,"column":34}},"92":{"start":{"line":284,"column":16},"end":{"line":284,"column":31}},"93":{"start":{"line":285,"column":16},"end":{"line":285,"column":22}},"94":{"start":{"line":288,"column":33},"end":{"line":288,"column":60}},"95":{"start":{"line":289,"column":26},"end":{"line":289,"column":36}},"96":{"start":{"line":290,"column":24},"end":{"line":290,"column":34}},"97":{"start":{"line":291,"column":8},"end":{"line":291,"column":55}},"98":{"start":{"line":293,"column":27},"end":{"line":311,"column":10}},"99":{"start":{"line":314,"column":8},"end":{"line":314,"column":50}},"100":{"start":{"line":315,"column":8},"end":{"line":315,"column":29}},"101":{"start":{"line":318,"column":8},"end":{"line":318,"column":65}},"102":{"start":{"line":319,"column":8},"end":{"line":319,"column":27}},"103":{"start":{"line":322,"column":8},"end":{"line":322,"column":49}},"104":{"start":{"line":323,"column":8},"end":{"line":323,"column":33}},"105":{"start":{"line":324,"column":8},"end":{"line":324,"column":41}},"106":{"start":{"line":325,"column":8},"end":{"line":325,"column":43}},"107":{"start":{"line":326,"column":8},"end":{"line":326,"column":29}},"108":{"start":{"line":328,"column":8},"end":{"line":328,"column":126}},"109":{"start":{"line":330,"column":8},"end":{"line":346,"column":11}},"110":{"start":{"line":348,"column":8},"end":{"line":348,"column":55}},"111":{"start":{"line":349,"column":8},"end":{"line":352,"column":11}},"112":{"start":{"line":359,"column":0},"end":{"line":394,"column":3}},"113":{"start":{"line":360,"column":4},"end":{"line":393,"column":5}},"114":{"start":{"line":362,"column":8},"end":{"line":367,"column":9}},"115":{"start":{"line":363,"column":12},"end":{"line":366,"column":15}},"116":{"start":{"line":369,"column":27},"end":{"line":369,"column":35}},"117":{"start":{"line":370,"column":24},"end":{"line":370,"column":61}},"118":{"start":{"line":372,"column":8},"end":{"line":377,"column":9}},"119":{"start":{"line":373,"column":12},"end":{"line":376,"column":15}},"120":{"start":{"line":379,"column":8},"end":{"line":379,"column":38}},"121":{"start":{"line":380,"column":8},"end":{"line":380,"column":29}},"122":{"start":{"line":382,"column":8},"end":{"line":386,"column":11}},"123":{"start":{"line":388,"column":8},"end":{"line":388,"column":53}},"124":{"start":{"line":389,"column":8},"end":{"line":392,"column":11}},"125":{"start":{"line":399,"column":0},"end":{"line":421,"column":3}},"126":{"start":{"line":400,"column":4},"end":{"line":420,"column":5}},"127":{"start":{"line":401,"column":24},"end":{"line":401,"column":61}},"128":{"start":{"line":403,"column":8},"end":{"line":407,"column":9}},"129":{"start":{"line":404,"column":12},"end":{"line":406,"column":15}},"130":{"start":{"line":409,"column":8},"end":{"line":409,"column":34}},"131":{"start":{"line":411,"column":8},"end":{"line":414,"column":11}},"132":{"start":{"line":416,"column":8},"end":{"line":416,"column":54}},"133":{"start":{"line":417,"column":8},"end":{"line":419,"column":11}},"134":{"start":{"line":423,"column":0},"end":{"line":423,"column":24}}},"fnMap":{"0":{"name":"(anonymous_0)","decl":{"start":{"line":15,"column":3},"end":{"line":15,"column":4}},"loc":{"start":{"line":15,"column":23},"end":{"line":48,"column":1}},"line":15},"1":{"name":"(anonymous_1)","decl":{"start":{"line":53,"column":51},"end":{"line":53,"column":52}},"loc":{"start":{"line":53,"column":71},"end":{"line":78,"column":1}},"line":53},"2":{"name":"(anonymous_2)","decl":{"start":{"line":83,"column":54},"end":{"line":83,"column":55}},"loc":{"start":{"line":83,"column":74},"end":{"line":105,"column":1}},"line":83},"3":{"name":"(anonymous_3)","decl":{"start":{"line":112,"column":3},"end":{"line":112,"column":4}},"loc":{"start":{"line":112,"column":23},"end":{"line":142,"column":1}},"line":112},"4":{"name":"(anonymous_4)","decl":{"start":{"line":151,"column":3},"end":{"line":151,"column":4}},"loc":{"start":{"line":151,"column":23},"end":{"line":182,"column":1}},"line":151},"5":{"name":"(anonymous_5)","decl":{"start":{"line":189,"column":3},"end":{"line":189,"column":4}},"loc":{"start":{"line":189,"column":23},"end":{"line":354,"column":1}},"line":189},"6":{"name":"(anonymous_6)","decl":{"start":{"line":359,"column":42},"end":{"line":359,"column":43}},"loc":{"start":{"line":359,"column":62},"end":{"line":394,"column":1}},"line":359},"7":{"name":"(anonymous_7)","decl":{"start":{"line":399,"column":50},"end":{"line":399,"column":51}},"loc":{"start":{"line":399,"column":70},"end":{"line":421,"column":1}},"line":399}},"branchMap":{"0":{"loc":{"start":{"line":18,"column":8},"end":{"line":20,"column":9}},"type":"if","locations":[{"start":{"line":18,"column":8},"end":{"line":20,"column":9}},{"start":{},"end":{}}],"line":18},"1":{"loc":{"start":{"line":28,"column":20},"end":{"line":28,"column":36}},"type":"binary-expr","locations":[{"start":{"line":28,"column":20},"end":{"line":28,"column":26}},{"start":{"line":28,"column":30},"end":{"line":28,"column":36}}],"line":28},"2":{"loc":{"start":{"line":58,"column":8},"end":{"line":60,"column":9}},"type":"if","locations":[{"start":{"line":58,"column":8},"end":{"line":60,"column":9}},{"start":{},"end":{}}],"line":58},"3":{"loc":{"start":{"line":89,"column":8},"end":{"line":93,"column":9}},"type":"if","locations":[{"start":{"line":89,"column":8},"end":{"line":93,"column":9}},{"start":{},"end":{}}],"line":89},"4":{"loc":{"start":{"line":115,"column":8},"end":{"line":117,"column":9}},"type":"if","locations":[{"start":{"line":115,"column":8},"end":{"line":117,"column":9}},{"start":{},"end":{}}],"line":115},"5":{"loc":{"start":{"line":123,"column":8},"end":{"line":127,"column":9}},"type":"if","locations":[{"start":{"line":123,"column":8},"end":{"line":127,"column":9}},{"start":{},"end":{}}],"line":123},"6":{"loc":{"start":{"line":154,"column":8},"end":{"line":156,"column":9}},"type":"if","locations":[{"start":{"line":154,"column":8},"end":{"line":156,"column":9}},{"start":{},"end":{}}],"line":154},"7":{"loc":{"start":{"line":164,"column":20},"end":{"line":164,"column":41}},"type":"binary-expr","locations":[{"start":{"line":164,"column":20},"end":{"line":164,"column":26}},{"start":{"line":164,"column":30},"end":{"line":164,"column":41}}],"line":164},"8":{"loc":{"start":{"line":193,"column":8},"end":{"line":198,"column":9}},"type":"if","locations":[{"start":{"line":193,"column":8},"end":{"line":198,"column":9}},{"start":{},"end":{}}],"line":193},"9":{"loc":{"start":{"line":200,"column":8},"end":{"line":205,"column":9}},"type":"if","locations":[{"start":{"line":200,"column":8},"end":{"line":205,"column":9}},{"start":{},"end":{}}],"line":200},"10":{"loc":{"start":{"line":211,"column":8},"end":{"line":216,"column":9}},"type":"if","locations":[{"start":{"line":211,"column":8},"end":{"line":216,"column":9}},{"start":{},"end":{}}],"line":211},"11":{"loc":{"start":{"line":221,"column":8},"end":{"line":226,"column":9}},"type":"if","locations":[{"start":{"line":221,"column":8},"end":{"line":226,"column":9}},{"start":{},"end":{}}],"line":221},"12":{"loc":{"start":{"line":228,"column":8},"end":{"line":233,"column":9}},"type":"if","locations":[{"start":{"line":228,"column":8},"end":{"line":233,"column":9}},{"start":{},"end":{}}],"line":228},"13":{"loc":{"start":{"line":235,"column":8},"end":{"line":240,"column":9}},"type":"if","locations":[{"start":{"line":235,"column":8},"end":{"line":240,"column":9}},{"start":{},"end":{}}],"line":235},"14":{"loc":{"start":{"line":245,"column":8},"end":{"line":250,"column":9}},"type":"if","locations":[{"start":{"line":245,"column":8},"end":{"line":250,"column":9}},{"start":{},"end":{}}],"line":245},"15":{"loc":{"start":{"line":253,"column":34},"end":{"line":253,"column":91}},"type":"binary-expr","locations":[{"start":{"line":253,"column":34},"end":{"line":253,"column":51}},{"start":{"line":253,"column":55},"end":{"line":253,"column":91}}],"line":253},"16":{"loc":{"start":{"line":273,"column":8},"end":{"line":286,"column":9}},"type":"switch","locations":[{"start":{"line":274,"column":12},"end":{"line":277,"column":22}},{"start":{"line":278,"column":12},"end":{"line":281,"column":22}},{"start":{"line":282,"column":12},"end":{"line":285,"column":22}}],"line":273},"17":{"loc":{"start":{"line":288,"column":33},"end":{"line":288,"column":60}},"type":"cond-expr","locations":[{"start":{"line":288,"column":55},"end":{"line":288,"column":56}},{"start":{"line":288,"column":59},"end":{"line":288,"column":60}}],"line":288},"18":{"loc":{"start":{"line":318,"column":33},"end":{"line":318,"column":59}},"type":"binary-expr","locations":[{"start":{"line":318,"column":33},"end":{"line":318,"column":54}},{"start":{"line":318,"column":58},"end":{"line":318,"column":59}}],"line":318},"19":{"loc":{"start":{"line":345,"column":31},"end":{"line":345,"column":80}},"type":"cond-expr","locations":[{"start":{"line":345,"column":51},"end":{"line":345,"column":60}},{"start":{"line":345,"column":63},"end":{"line":345,"column":80}}],"line":345},"20":{"loc":{"start":{"line":362,"column":8},"end":{"line":367,"column":9}},"type":"if","locations":[{"start":{"line":362,"column":8},"end":{"line":367,"column":9}},{"start":{},"end":{}}],"line":362},"21":{"loc":{"start":{"line":372,"column":8},"end":{"line":377,"column":9}},"type":"if","locations":[{"start":{"line":372,"column":8},"end":{"line":377,"column":9}},{"start":{},"end":{}}],"line":372},"22":{"loc":{"start":{"line":379,"column":25},"end":{"line":379,"column":37}},"type":"binary-expr","locations":[{"start":{"line":379,"column":25},"end":{"line":379,"column":31}},{"start":{"line":379,"column":35},"end":{"line":379,"column":37}}],"line":379},"23":{"loc":{"start":{"line":403,"column":8},"end":{"line":407,"column":9}},"type":"if","locations":[{"start":{"line":403,"column":8},"end":{"line":407,"column":9}},{"start":{},"end":{}}],"line":403}},"s":{"0":1,"1":1,"2":1,"3":1,"4":1,"5":1,"6":1,"7":2,"8":2,"9":2,"10":1,"11":1,"12":1,"13":1,"14":1,"15":1,"16":0,"17":0,"18":1,"19":2,"20":2,"21":2,"22":2,"23":1,"24":2,"25":2,"26":0,"27":0,"28":1,"29":1,"30":1,"31":1,"32":0,"33":1,"34":0,"35":0,"36":1,"37":3,"38":3,"39":3,"40":0,"41":3,"42":3,"43":3,"44":0,"45":3,"46":3,"47":0,"48":0,"49":1,"50":1,"51":1,"52":1,"53":0,"54":1,"55":1,"56":1,"57":0,"58":0,"59":1,"60":3,"61":3,"62":3,"63":0,"64":3,"65":1,"66":2,"67":2,"68":2,"69":0,"70":2,"71":2,"72":0,"73":2,"74":1,"75":1,"76":0,"77":1,"78":1,"79":1,"80":0,"81":1,"82":1,"83":1,"84":1,"85":1,"86":1,"87":1,"88":0,"89":0,"90":0,"91":0,"92":0,"93":0,"94":1,"95":1,"96":1,"97":1,"98":1,"99":1,"100":1,"101":1,"102":1,"103":1,"104":1,"105":1,"106":1,"107":1,"108":1,"109":1,"110":0,"111":0,"112":1,"113":0,"114":0,"115":0,"116":0,"117":0,"118":0,"119":0,"120":0,"121":0,"122":0,"123":0,"124":0,"125":1,"126":1,"127":1,"128":1,"129":0,"130":1,"131":1,"132":0,"133":0,"134":1},"f":{"0":2,"1":2,"2":1,"3":3,"4":1,"5":3,"6":0,"7":1},"b":{"0":[1,1],"1":[1,1],"2":[1,1],"3":[0,1],"4":[0,3],"5":[0,3],"6":[0,1],"7":[1,0],"8":[0,3],"9":[1,2],"10":[0,2],"11":[0,2],"12":[1,1],"13":[0,1],"14":[0,1],"15":[1,1],"16":[1,0,0],"17":[0,1],"18":[1,1],"19":[0,1],"20":[0,0],"21":[0,0],"22":[0,0],"23":[0,1]},"_coverageSchema":"1a1c01bbd47fc00a2c39e90264f33305004495a9","hash":"13252cd41cc491eba77c9f36a14fb5502f878cc1"}
,"/Users/poirtyc/Desktop/sense-of-dance/backend/src/routes/classes.js": {"path":"/Users/poirtyc/Desktop/sense-of-dance/backend/src/routes/classes.js","statementMap":{"0":{"start":{"line":1,"column":16},"end":{"line":1,"column":34}},"1":{"start":{"line":2,"column":15},"end":{"line":2,"column":31}},"2":{"start":{"line":3,"column":17},"end":{"line":3,"column":36}},"3":{"start":{"line":4,"column":14},"end":{"line":4,"column":40}},"4":{"start":{"line":5,"column":14},"end":{"line":5,"column":40}},"5":{"start":{"line":6,"column":62},"end":{"line":6,"column":91}},"6":{"start":{"line":11,"column":0},"end":{"line":75,"column":3}},"7":{"start":{"line":12,"column":4},"end":{"line":74,"column":5}},"8":{"start":{"line":13,"column":59},"end":{"line":13,"column":68}},"9":{"start":{"line":14,"column":25},"end":{"line":14,"column":38}},"10":{"start":{"line":16,"column":21},"end":{"line":16,"column":23}},"11":{"start":{"line":19,"column":8},"end":{"line":24,"column":9}},"12":{"start":{"line":20,"column":12},"end":{"line":20,"column":42}},"13":{"start":{"line":21,"column":15},"end":{"line":24,"column":9}},"14":{"start":{"line":23,"column":12},"end":{"line":23,"column":39}},"15":{"start":{"line":27,"column":8},"end":{"line":29,"column":9}},"16":{"start":{"line":28,"column":12},"end":{"line":28,"column":33}},"17":{"start":{"line":32,"column":8},"end":{"line":49,"column":9}},"18":{"start":{"line":34,"column":31},"end":{"line":34,"column":71}},"19":{"start":{"line":35,"column":29},"end":{"line":35,"column":67}},"20":{"start":{"line":37,"column":30},"end":{"line":37,"column":50}},"21":{"start":{"line":38,"column":28},"end":{"line":38,"column":46}},"22":{"start":{"line":41,"column":12},"end":{"line":48,"column":13}},"23":{"start":{"line":42,"column":16},"end":{"line":45,"column":18}},"24":{"start":{"line":47,"column":16},"end":{"line":47,"column":96}},"25":{"start":{"line":52,"column":8},"end":{"line":54,"column":9}},"26":{"start":{"line":53,"column":12},"end":{"line":53,"column":35}},"27":{"start":{"line":56,"column":24},"end":{"line":61,"column":44}},"28":{"start":{"line":63,"column":8},"end":{"line":67,"column":11}},"29":{"start":{"line":69,"column":8},"end":{"line":69,"column":51}},"30":{"start":{"line":70,"column":8},"end":{"line":73,"column":11}},"31":{"start":{"line":80,"column":0},"end":{"line":269,"column":3}},"32":{"start":{"line":81,"column":4},"end":{"line":268,"column":5}},"33":{"start":{"line":94,"column":12},"end":{"line":94,"column":20}},"34":{"start":{"line":96,"column":8},"end":{"line":101,"column":9}},"35":{"start":{"line":97,"column":12},"end":{"line":100,"column":15}},"36":{"start":{"line":104,"column":24},"end":{"line":104,"column":29}},"37":{"start":{"line":105,"column":27},"end":{"line":105,"column":29}},"38":{"start":{"line":106,"column":20},"end":{"line":106,"column":24}},"39":{"start":{"line":108,"column":8},"end":{"line":126,"column":9}},"40":{"start":{"line":109,"column":12},"end":{"line":109,"column":29}},"41":{"start":{"line":110,"column":12},"end":{"line":110,"column":41}},"42":{"start":{"line":111,"column":15},"end":{"line":126,"column":9}},"43":{"start":{"line":112,"column":12},"end":{"line":112,"column":29}},"44":{"start":{"line":113,"column":12},"end":{"line":113,"column":52}},"45":{"start":{"line":114,"column":15},"end":{"line":126,"column":9}},"46":{"start":{"line":115,"column":12},"end":{"line":115,"column":29}},"47":{"start":{"line":116,"column":12},"end":{"line":116,"column":38}},"48":{"start":{"line":119,"column":12},"end":{"line":119,"column":50}},"49":{"start":{"line":120,"column":12},"end":{"line":125,"column":13}},"50":{"start":{"line":121,"column":16},"end":{"line":124,"column":19}},"51":{"start":{"line":131,"column":8},"end":{"line":158,"column":9}},"52":{"start":{"line":133,"column":12},"end":{"line":133,"column":55}},"53":{"start":{"line":136,"column":12},"end":{"line":143,"column":13}},"54":{"start":{"line":137,"column":16},"end":{"line":137,"column":43}},"55":{"start":{"line":138,"column":16},"end":{"line":138,"column":80}},"56":{"start":{"line":142,"column":16},"end":{"line":142,"column":63}},"57":{"start":{"line":146,"column":12},"end":{"line":157,"column":13}},"58":{"start":{"line":147,"column":16},"end":{"line":152,"column":17}},"59":{"start":{"line":148,"column":20},"end":{"line":151,"column":23}},"60":{"start":{"line":154,"column":16},"end":{"line":156,"column":17}},"61":{"start":{"line":155,"column":20},"end":{"line":155,"column":50}},"62":{"start":{"line":161,"column":24},"end":{"line":161,"column":52}},"63":{"start":{"line":162,"column":24},"end":{"line":162,"column":77}},"64":{"start":{"line":163,"column":28},"end":{"line":163,"column":68}},"65":{"start":{"line":166,"column":23},"end":{"line":166,"column":27}},"66":{"start":{"line":167,"column":24},"end":{"line":167,"column":33}},"67":{"start":{"line":169,"column":8},"end":{"line":212,"column":9}},"68":{"start":{"line":170,"column":25},"end":{"line":170,"column":50}},"69":{"start":{"line":171,"column":12},"end":{"line":171,"column":51}},"70":{"start":{"line":173,"column":12},"end":{"line":178,"column":13}},"71":{"start":{"line":174,"column":16},"end":{"line":177,"column":19}},"72":{"start":{"line":181,"column":12},"end":{"line":181,"column":52}},"73":{"start":{"line":184,"column":29},"end":{"line":204,"column":14}},"74":{"start":{"line":206,"column":12},"end":{"line":211,"column":13}},"75":{"start":{"line":207,"column":16},"end":{"line":210,"column":19}},"76":{"start":{"line":218,"column":8},"end":{"line":222,"column":9}},"77":{"start":{"line":219,"column":12},"end":{"line":219,"column":55}},"78":{"start":{"line":221,"column":12},"end":{"line":221,"column":58}},"79":{"start":{"line":224,"column":26},"end":{"line":239,"column":9}},"80":{"start":{"line":242,"column":8},"end":{"line":261,"column":9}},"81":{"start":{"line":243,"column":35},"end":{"line":243,"column":74}},"82":{"start":{"line":245,"column":12},"end":{"line":249,"column":15}},"83":{"start":{"line":252,"column":29},"end":{"line":252,"column":58}},"84":{"start":{"line":254,"column":12},"end":{"line":254,"column":105}},"85":{"start":{"line":256,"column":12},"end":{"line":260,"column":15}},"86":{"start":{"line":263,"column":8},"end":{"line":263,"column":52}},"87":{"start":{"line":264,"column":8},"end":{"line":267,"column":11}},"88":{"start":{"line":273,"column":20},"end":{"line":273,"column":22}},"89":{"start":{"line":274,"column":36},"end":{"line":274,"column":44}},"90":{"start":{"line":275,"column":22},"end":{"line":275,"column":36}},"91":{"start":{"line":276,"column":20},"end":{"line":276,"column":134}},"92":{"start":{"line":278,"column":22},"end":{"line":278,"column":41}},"93":{"start":{"line":280,"column":4},"end":{"line":306,"column":5}},"94":{"start":{"line":282,"column":8},"end":{"line":305,"column":9}},"95":{"start":{"line":283,"column":30},"end":{"line":283,"column":50}},"96":{"start":{"line":284,"column":12},"end":{"line":293,"column":13}},"97":{"start":{"line":285,"column":34},"end":{"line":288,"column":17}},"98":{"start":{"line":289,"column":16},"end":{"line":289,"column":47}},"99":{"start":{"line":291,"column":33},"end":{"line":291,"column":62}},"100":{"start":{"line":292,"column":16},"end":{"line":292,"column":39}},"101":{"start":{"line":294,"column":12},"end":{"line":294,"column":59}},"102":{"start":{"line":295,"column":15},"end":{"line":305,"column":9}},"103":{"start":{"line":296,"column":30},"end":{"line":299,"column":13}},"104":{"start":{"line":300,"column":12},"end":{"line":300,"column":43}},"105":{"start":{"line":302,"column":29},"end":{"line":302,"column":58}},"106":{"start":{"line":303,"column":12},"end":{"line":303,"column":35}},"107":{"start":{"line":304,"column":12},"end":{"line":304,"column":59}},"108":{"start":{"line":308,"column":4},"end":{"line":308,"column":19}},"109":{"start":{"line":314,"column":0},"end":{"line":365,"column":3}},"110":{"start":{"line":315,"column":4},"end":{"line":364,"column":5}},"111":{"start":{"line":316,"column":81},"end":{"line":316,"column":89}},"112":{"start":{"line":318,"column":26},"end":{"line":318,"column":61}},"113":{"start":{"line":320,"column":8},"end":{"line":325,"column":9}},"114":{"start":{"line":321,"column":12},"end":{"line":324,"column":15}},"115":{"start":{"line":328,"column":8},"end":{"line":333,"column":9}},"116":{"start":{"line":329,"column":12},"end":{"line":332,"column":15}},"117":{"start":{"line":336,"column":8},"end":{"line":336,"column":50}},"118":{"start":{"line":336,"column":18},"end":{"line":336,"column":50}},"119":{"start":{"line":337,"column":8},"end":{"line":337,"column":55}},"120":{"start":{"line":337,"column":23},"end":{"line":337,"column":55}},"121":{"start":{"line":338,"column":8},"end":{"line":338,"column":49}},"122":{"start":{"line":338,"column":21},"end":{"line":338,"column":49}},"123":{"start":{"line":339,"column":8},"end":{"line":339,"column":52}},"124":{"start":{"line":339,"column":22},"end":{"line":339,"column":52}},"125":{"start":{"line":340,"column":8},"end":{"line":340,"column":46}},"126":{"start":{"line":340,"column":20},"end":{"line":340,"column":46}},"127":{"start":{"line":341,"column":8},"end":{"line":341,"column":57}},"128":{"start":{"line":341,"column":33},"end":{"line":341,"column":57}},"129":{"start":{"line":344,"column":8},"end":{"line":347,"column":9}},"130":{"start":{"line":345,"column":12},"end":{"line":345,"column":42}},"131":{"start":{"line":346,"column":12},"end":{"line":346,"column":86}},"132":{"start":{"line":349,"column":8},"end":{"line":349,"column":31}},"133":{"start":{"line":351,"column":8},"end":{"line":351,"column":105}},"134":{"start":{"line":353,"column":8},"end":{"line":357,"column":11}},"135":{"start":{"line":359,"column":8},"end":{"line":359,"column":52}},"136":{"start":{"line":360,"column":8},"end":{"line":363,"column":11}},"137":{"start":{"line":370,"column":0},"end":{"line":404,"column":3}},"138":{"start":{"line":371,"column":4},"end":{"line":403,"column":5}},"139":{"start":{"line":372,"column":26},"end":{"line":372,"column":61}},"140":{"start":{"line":374,"column":8},"end":{"line":379,"column":9}},"141":{"start":{"line":375,"column":12},"end":{"line":378,"column":15}},"142":{"start":{"line":382,"column":8},"end":{"line":387,"column":9}},"143":{"start":{"line":383,"column":12},"end":{"line":386,"column":15}},"144":{"start":{"line":389,"column":8},"end":{"line":389,"column":36}},"145":{"start":{"line":391,"column":8},"end":{"line":391,"column":103}},"146":{"start":{"line":393,"column":8},"end":{"line":396,"column":11}},"147":{"start":{"line":398,"column":8},"end":{"line":398,"column":52}},"148":{"start":{"line":399,"column":8},"end":{"line":402,"column":11}},"149":{"start":{"line":409,"column":0},"end":{"line":527,"column":3}},"150":{"start":{"line":410,"column":4},"end":{"line":526,"column":5}},"151":{"start":{"line":411,"column":40},"end":{"line":411,"column":48}},"152":{"start":{"line":413,"column":26},"end":{"line":413,"column":61}},"153":{"start":{"line":415,"column":8},"end":{"line":420,"column":9}},"154":{"start":{"line":416,"column":12},"end":{"line":419,"column":15}},"155":{"start":{"line":422,"column":24},"end":{"line":422,"column":52}},"156":{"start":{"line":423,"column":27},"end":{"line":423,"column":58}},"157":{"start":{"line":424,"column":23},"end":{"line":424,"column":50}},"158":{"start":{"line":427,"column":24},"end":{"line":430,"column":10}},"159":{"start":{"line":433,"column":30},"end":{"line":435,"column":9}},"160":{"start":{"line":434,"column":17},"end":{"line":434,"column":51}},"161":{"start":{"line":437,"column":28},"end":{"line":437,"column":99}},"162":{"start":{"line":439,"column":8},"end":{"line":450,"column":9}},"163":{"start":{"line":441,"column":12},"end":{"line":441,"column":67}},"164":{"start":{"line":442,"column":12},"end":{"line":442,"column":69}},"165":{"start":{"line":445,"column":12},"end":{"line":449,"column":15}},"166":{"start":{"line":452,"column":8},"end":{"line":452,"column":31}},"167":{"start":{"line":457,"column":29},"end":{"line":457,"column":49}},"168":{"start":{"line":459,"column":8},"end":{"line":513,"column":9}},"169":{"start":{"line":460,"column":31},"end":{"line":460,"column":55}},"170":{"start":{"line":461,"column":30},"end":{"line":461,"column":44}},"171":{"start":{"line":462,"column":40},"end":{"line":462,"column":84}},"172":{"start":{"line":465,"column":12},"end":{"line":512,"column":13}},"173":{"start":{"line":466,"column":16},"end":{"line":466,"column":68}},"174":{"start":{"line":469,"column":17},"end":{"line":512,"column":13}},"175":{"start":{"line":470,"column":16},"end":{"line":470,"column":88}},"176":{"start":{"line":474,"column":42},"end":{"line":474,"column":83}},"177":{"start":{"line":475,"column":37},"end":{"line":475,"column":76}},"178":{"start":{"line":477,"column":16},"end":{"line":511,"column":17}},"179":{"start":{"line":478,"column":20},"end":{"line":478,"column":87}},"180":{"start":{"line":481,"column":21},"end":{"line":511,"column":17}},"181":{"start":{"line":482,"column":20},"end":{"line":482,"column":169}},"182":{"start":{"line":484,"column":20},"end":{"line":484,"column":124}},"183":{"start":{"line":487,"column":39},"end":{"line":493,"column":22}},"184":{"start":{"line":496,"column":20},"end":{"line":499,"column":21}},"185":{"start":{"line":498,"column":24},"end":{"line":498,"column":44}},"186":{"start":{"line":501,"column":20},"end":{"line":510,"column":21}},"187":{"start":{"line":503,"column":24},"end":{"line":503,"column":54}},"188":{"start":{"line":504,"column":24},"end":{"line":504,"column":102}},"189":{"start":{"line":508,"column":24},"end":{"line":508,"column":121}},"190":{"start":{"line":509,"column":24},"end":{"line":509,"column":112}},"191":{"start":{"line":515,"column":8},"end":{"line":519,"column":11}},"192":{"start":{"line":521,"column":8},"end":{"line":521,"column":55}},"193":{"start":{"line":522,"column":8},"end":{"line":525,"column":11}},"194":{"start":{"line":532,"column":0},"end":{"line":683,"column":3}},"195":{"start":{"line":533,"column":4},"end":{"line":682,"column":5}},"196":{"start":{"line":534,"column":27},"end":{"line":534,"column":58}},"197":{"start":{"line":535,"column":23},"end":{"line":535,"column":50}},"198":{"start":{"line":536,"column":22},"end":{"line":536,"column":48}},"199":{"start":{"line":537,"column":24},"end":{"line":537,"column":52}},"200":{"start":{"line":539,"column":20},"end":{"line":539,"column":30}},"201":{"start":{"line":543,"column":28},"end":{"line":546,"column":28}},"202":{"start":{"line":549,"column":34},"end":{"line":549,"column":36}},"203":{"start":{"line":550,"column":8},"end":{"line":558,"column":9}},"204":{"start":{"line":551,"column":30},"end":{"line":551,"column":48}},"205":{"start":{"line":552,"column":43},"end":{"line":552,"column":65}},"206":{"start":{"line":553,"column":12},"end":{"line":553,"column":79}},"207":{"start":{"line":555,"column":12},"end":{"line":557,"column":13}},"208":{"start":{"line":556,"column":16},"end":{"line":556,"column":44}},"209":{"start":{"line":560,"column":8},"end":{"line":560,"column":81}},"210":{"start":{"line":561,"column":8},"end":{"line":563,"column":11}},"211":{"start":{"line":562,"column":12},"end":{"line":562,"column":111}},"212":{"start":{"line":565,"column":28},"end":{"line":565,"column":29}},"213":{"start":{"line":566,"column":26},"end":{"line":566,"column":27}},"214":{"start":{"line":567,"column":27},"end":{"line":567,"column":28}},"215":{"start":{"line":568,"column":27},"end":{"line":568,"column":28}},"216":{"start":{"line":570,"column":8},"end":{"line":661,"column":9}},"217":{"start":{"line":571,"column":12},"end":{"line":571,"column":67}},"218":{"start":{"line":571,"column":58},"end":{"line":571,"column":67}},"219":{"start":{"line":574,"column":29},"end":{"line":580,"column":14}},"220":{"start":{"line":582,"column":12},"end":{"line":658,"column":13}},"221":{"start":{"line":584,"column":38},"end":{"line":586,"column":17}},"222":{"start":{"line":585,"column":25},"end":{"line":585,"column":72}},"223":{"start":{"line":588,"column":16},"end":{"line":591,"column":17}},"224":{"start":{"line":589,"column":20},"end":{"line":589,"column":35}},"225":{"start":{"line":590,"column":20},"end":{"line":590,"column":29}},"226":{"start":{"line":594,"column":35},"end":{"line":594,"column":59}},"227":{"start":{"line":595,"column":16},"end":{"line":599,"column":17}},"228":{"start":{"line":596,"column":20},"end":{"line":596,"column":92}},"229":{"start":{"line":597,"column":20},"end":{"line":597,"column":35}},"230":{"start":{"line":598,"column":20},"end":{"line":598,"column":29}},"231":{"start":{"line":602,"column":42},"end":{"line":602,"column":83}},"232":{"start":{"line":603,"column":37},"end":{"line":603,"column":76}},"233":{"start":{"line":605,"column":16},"end":{"line":609,"column":17}},"234":{"start":{"line":606,"column":20},"end":{"line":606,"column":95}},"235":{"start":{"line":607,"column":20},"end":{"line":607,"column":35}},"236":{"start":{"line":608,"column":20},"end":{"line":608,"column":29}},"237":{"start":{"line":613,"column":44},"end":{"line":613,"column":88}},"238":{"start":{"line":614,"column":38},"end":{"line":614,"column":62}},"239":{"start":{"line":615,"column":16},"end":{"line":615,"column":51}},"240":{"start":{"line":616,"column":43},"end":{"line":616,"column":72}},"241":{"start":{"line":617,"column":16},"end":{"line":617,"column":56}},"242":{"start":{"line":619,"column":16},"end":{"line":623,"column":17}},"243":{"start":{"line":620,"column":20},"end":{"line":620,"column":181}},"244":{"start":{"line":621,"column":20},"end":{"line":621,"column":35}},"245":{"start":{"line":622,"column":20},"end":{"line":622,"column":29}},"246":{"start":{"line":626,"column":35},"end":{"line":632,"column":18}},"247":{"start":{"line":635,"column":16},"end":{"line":637,"column":17}},"248":{"start":{"line":636,"column":20},"end":{"line":636,"column":40}},"249":{"start":{"line":639,"column":16},"end":{"line":649,"column":17}},"250":{"start":{"line":641,"column":20},"end":{"line":641,"column":50}},"251":{"start":{"line":642,"column":20},"end":{"line":642,"column":34}},"252":{"start":{"line":643,"column":20},"end":{"line":643,"column":96}},"253":{"start":{"line":646,"column":20},"end":{"line":646,"column":108}},"254":{"start":{"line":647,"column":20},"end":{"line":647,"column":36}},"255":{"start":{"line":648,"column":20},"end":{"line":648,"column":83}},"256":{"start":{"line":652,"column":16},"end":{"line":657,"column":19}},"257":{"start":{"line":660,"column":12},"end":{"line":660,"column":35}},"258":{"start":{"line":663,"column":8},"end":{"line":663,"column":179}},"259":{"start":{"line":665,"column":8},"end":{"line":675,"column":11}},"260":{"start":{"line":677,"column":8},"end":{"line":677,"column":51}},"261":{"start":{"line":678,"column":8},"end":{"line":681,"column":11}},"262":{"start":{"line":688,"column":0},"end":{"line":763,"column":3}},"263":{"start":{"line":689,"column":4},"end":{"line":762,"column":5}},"264":{"start":{"line":690,"column":25},"end":{"line":690,"column":38}},"265":{"start":{"line":691,"column":20},"end":{"line":691,"column":30}},"266":{"start":{"line":694,"column":30},"end":{"line":694,"column":40}},"267":{"start":{"line":695,"column":8},"end":{"line":695,"column":60}},"268":{"start":{"line":696,"column":8},"end":{"line":696,"column":43}},"269":{"start":{"line":698,"column":21},"end":{"line":701,"column":9}},"270":{"start":{"line":704,"column":8},"end":{"line":706,"column":9}},"271":{"start":{"line":705,"column":12},"end":{"line":705,"column":42}},"272":{"start":{"line":709,"column":24},"end":{"line":711,"column":50}},"273":{"start":{"line":718,"column":27},"end":{"line":718,"column":28}},"274":{"start":{"line":720,"column":8},"end":{"line":750,"column":9}},"275":{"start":{"line":722,"column":12},"end":{"line":724,"column":13}},"276":{"start":{"line":723,"column":16},"end":{"line":723,"column":25}},"277":{"start":{"line":727,"column":39},"end":{"line":727,"column":69}},"278":{"start":{"line":728,"column":12},"end":{"line":730,"column":13}},"279":{"start":{"line":729,"column":16},"end":{"line":729,"column":25}},"280":{"start":{"line":733,"column":30},"end":{"line":733,"column":48}},"281":{"start":{"line":734,"column":37},"end":{"line":734,"column":59}},"282":{"start":{"line":735,"column":12},"end":{"line":735,"column":73}},"283":{"start":{"line":738,"column":12},"end":{"line":740,"column":13}},"284":{"start":{"line":739,"column":16},"end":{"line":739,"column":25}},"285":{"start":{"line":743,"column":37},"end":{"line":743,"column":110}},"286":{"start":{"line":743,"column":79},"end":{"line":743,"column":98}},"287":{"start":{"line":744,"column":37},"end":{"line":744,"column":57}},"288":{"start":{"line":747,"column":12},"end":{"line":749,"column":13}},"289":{"start":{"line":748,"column":16},"end":{"line":748,"column":31}},"290":{"start":{"line":752,"column":8},"end":{"line":755,"column":11}},"291":{"start":{"line":757,"column":8},"end":{"line":757,"column":68}},"292":{"start":{"line":758,"column":8},"end":{"line":761,"column":11}},"293":{"start":{"line":765,"column":0},"end":{"line":765,"column":24}}},"fnMap":{"0":{"name":"(anonymous_0)","decl":{"start":{"line":11,"column":53},"end":{"line":11,"column":54}},"loc":{"start":{"line":11,"column":73},"end":{"line":75,"column":1}},"line":11},"1":{"name":"(anonymous_1)","decl":{"start":{"line":80,"column":54},"end":{"line":80,"column":55}},"loc":{"start":{"line":80,"column":74},"end":{"line":269,"column":1}},"line":80},"2":{"name":"createRecurringClasses","decl":{"start":{"line":272,"column":15},"end":{"line":272,"column":37}},"loc":{"start":{"line":272,"column":48},"end":{"line":309,"column":1}},"line":272},"3":{"name":"(anonymous_3)","decl":{"start":{"line":314,"column":58},"end":{"line":314,"column":59}},"loc":{"start":{"line":314,"column":78},"end":{"line":365,"column":1}},"line":314},"4":{"name":"(anonymous_4)","decl":{"start":{"line":370,"column":59},"end":{"line":370,"column":60}},"loc":{"start":{"line":370,"column":79},"end":{"line":404,"column":1}},"line":370},"5":{"name":"(anonymous_5)","decl":{"start":{"line":409,"column":68},"end":{"line":409,"column":69}},"loc":{"start":{"line":409,"column":88},"end":{"line":527,"column":1}},"line":409},"6":{"name":"(anonymous_6)","decl":{"start":{"line":434,"column":12},"end":{"line":434,"column":13}},"loc":{"start":{"line":434,"column":17},"end":{"line":434,"column":51}},"line":434},"7":{"name":"(anonymous_7)","decl":{"start":{"line":532,"column":56},"end":{"line":532,"column":57}},"loc":{"start":{"line":532,"column":76},"end":{"line":683,"column":1}},"line":532},"8":{"name":"(anonymous_8)","decl":{"start":{"line":561,"column":34},"end":{"line":561,"column":35}},"loc":{"start":{"line":561,"column":39},"end":{"line":563,"column":9}},"line":561},"9":{"name":"(anonymous_9)","decl":{"start":{"line":585,"column":20},"end":{"line":585,"column":21}},"loc":{"start":{"line":585,"column":25},"end":{"line":585,"column":72}},"line":585},"10":{"name":"(anonymous_10)","decl":{"start":{"line":688,"column":77},"end":{"line":688,"column":78}},"loc":{"start":{"line":688,"column":97},"end":{"l
[...]
umn":1}},"line":668}},"branchMap":{"0":{"loc":{"start":{"line":15,"column":8},"end":{"line":20,"column":9}},"type":"if","locations":[{"start":{"line":15,"column":8},"end":{"line":20,"column":9}},{"start":{},"end":{}}],"line":15},"1":{"loc":{"start":{"line":24,"column":8},"end":{"line":29,"column":9}},"type":"if","locations":[{"start":{"line":24,"column":8},"end":{"line":29,"column":9}},{"start":{},"end":{}}],"line":24},"2":{"loc":{"start":{"line":32,"column":8},"end":{"line":37,"column":9}},"type":"if","locations":[{"start":{"line":32,"column":8},"end":{"line":37,"column":9}},{"start":{},"end":{}}],"line":32},"3":{"loc":{"start":{"line":41,"column":8},"end":{"line":46,"column":9}},"type":"if","locations":[{"start":{"line":41,"column":8},"end":{"line":46,"column":9}},{"start":{},"end":{}}],"line":41},"4":{"loc":{"start":{"line":52,"column":8},"end":{"line":59,"column":9}},"type":"if","locations":[{"start":{"line":52,"column":8},"end":{"line":59,"column":9}},{"start":{},"end":{}}],"line":52},"5":{"loc":{"start":{"line":52,"column":12},"end":{"line":52,"column":51}},"type":"binary-expr","locations":[{"start":{"line":52,"column":12},"end":{"line":52,"column":30}},{"start":{"line":52,"column":34},"end":{"line":52,"column":51}}],"line":52},"6":{"loc":{"start":{"line":117,"column":8},"end":{"line":122,"column":9}},"type":"if","locations":[{"start":{"line":117,"column":8},"end":{"line":122,"column":9}},{"start":{},"end":{}}],"line":117},"7":{"loc":{"start":{"line":117,"column":12},"end":{"line":117,"column":27}},"type":"binary-expr","locations":[{"start":{"line":117,"column":12},"end":{"line":117,"column":17}},{"start":{"line":117,"column":21},"end":{"line":117,"column":27}}],"line":117},"8":{"loc":{"start":{"line":126,"column":8},"end":{"line":131,"column":9}},"type":"if","locations":[{"start":{"line":126,"column":8},"end":{"line":131,"column":9}},{"start":{},"end":{}}],"line":126},"9":{"loc":{"start":{"line":134,"column":30},"end":{"line":134,"column":78}},"type":"binary-expr","locations":[{"start":{"line":134,"column":30},"end":{"line":134,"column":38}},{"start":{"line":134,"column":42},"end":{"line":134,"column":78}}],"line":134},"10":{"loc":{"start":{"line":142,"column":20},"end":{"line":142,"column":45}},"type":"binary-expr","locations":[{"start":{"line":142,"column":20},"end":{"line":142,"column":35}},{"start":{"line":142,"column":39},"end":{"line":142,"column":45}}],"line":142},"11":{"loc":{"start":{"line":158,"column":31},"end":{"line":158,"column":67}},"type":"cond-expr","locations":[{"start":{"line":158,"column":42},"end":{"line":158,"column":51}},{"start":{"line":158,"column":54},"end":{"line":158,"column":67}}],"line":158},"12":{"loc":{"start":{"line":176,"column":8},"end":{"line":181,"column":9}},"type":"if","locations":[{"start":{"line":176,"column":8},"end":{"line":181,"column":9}},{"start":{},"end":{}}],"line":176},"13":{"loc":{"start":{"line":185,"column":8},"end":{"line":190,"column":9}},"type":"if","locations":[{"start":{"line":185,"column":8},"end":{"line":190,"column":9}},{"start":{},"end":{}}],"line":185},"14":{"loc":{"start":{"line":192,"column":8},"end":{"line":197,"column":9}},"type":"if","locations":[{"start":{"line":192,"column":8},"end":{"line":197,"column":9}},{"start":{},"end":{}}],"line":192},"15":{"loc":{"start":{"line":200,"column":8},"end":{"line":205,"column":9}},"type":"if","locations":[{"start":{"line":200,"column":8},"end":{"line":205,"column":9}},{"start":{},"end":{}}],"line":200},"16":{"loc":{"start":{"line":232,"column":8},"end":{"line":237,"column":9}},"type":"if","locations":[{"start":{"line":232,"column":8},"end":{"line":237,"column":9}},{"start":{},"end":{}}],"line":232},"17":{"loc":{"start":{"line":241,"column":8},"end":{"line":246,"column":9}},"type":"if","locations":[{"start":{"line":241,"column":8},"end":{"line":246,"column":9}},{"start":{},"end":{}}],"line":241},"18":{"loc":{"start":{"line":248,"column":8},"end":{"line":253,"column":9}},"type":"if","locations":[{"start":{"line":248,"column":8},"end":{"line":253,"column":9}},{"start":{},"end":{}}],"line":248},"19":{"loc":{"start":{"line":310,"column":8},"end":{"line":315,"column":9}},"type":"if","locations":[{"start":{"line":310,"column":8},"end":{"line":315,"column":9}},{"start":{},"end":{}}],"line":310},"20":{"loc":{"start":{"line":310,"column":12},"end":{"line":310,"column":27}},"type":"binary-expr","locations":[{"start":{"line":310,"column":12},"end":{"line":310,"column":17}},{"start":{"line":310,"column":21},"end":{"line":310,"column":27}}],"line":310},"21":{"loc":{"start":{"line":318,"column":8},"end":{"line":323,"column":9}},"type":"if","locations":[{"start":{"line":318,"column":8},"end":{"line":323,"column":9}},{"start":{},"end":{}}],"line":318},"22":{"loc":{"start":{"line":325,"column":30},"end":{"line":325,"column":78}},"type":"binary-expr","locations":[{"start":{"line":325,"column":30},"end":{"line":325,"column":38}},{"start":{"line":325,"column":42},"end":{"line":325,"column":78}}],"line":325},"23":{"loc":{"start":{"line":333,"column":20},"end":{"line":333,"column":45}},"type":"binary-expr","locations":[{"start":{"line":333,"column":20},"end":{"line":333,"column":35}},{"start":{"line":333,"column":39},"end":{"line":333,"column":45}}],"line":333},"24":{"loc":{"start":{"line":349,"column":31},"end":{"line":349,"column":67}},"type":"cond-expr","locations":[{"start":{"line":349,"column":42},"end":{"line":349,"column":51}},{"start":{"line":349,"column":54},"end":{"line":349,"column":67}}],"line":349},"25":{"loc":{"start":{"line":368,"column":8},"end":{"line":373,"column":9}},"type":"if","locations":[{"start":{"line":368,"column":8},"end":{"line":373,"column":9}},{"start":{},"end":{}}],"line":368},"26":{"loc":{"start":{"line":375,"column":8},"end":{"line":380,"column":9}},"type":"if","locations":[{"start":{"line":375,"column":8},"end":{"line":380,"column":9}},{"start":{},"end":{}}],"line":375},"27":{"loc":{"start":{"line":430,"column":8},"end":{"line":435,"column":9}},"type":"if","locations":[{"start":{"line":430,"column":8},"end":{"line":435,"column":9}},{"start":{},"end":{}}],"line":430},"28":{"loc":{"start":{"line":430,"column":12},"end":{"line":430,"column":27}},"type":"binary-expr","locations":[{"start":{"line":430,"column":12},"end":{"line":430,"column":17}},{"start":{"line":430,"column":21},"end":{"line":430,"column":27}}],"line":430},"29":{"loc":{"start":{"line":438,"column":8},"end":{"line":443,"column":9}},"type":"if","locations":[{"start":{"line":438,"column":8},"end":{"line":443,"column":9}},{"start":{},"end":{}}],"line":438},"30":{"loc":{"start":{"line":445,"column":30},"end":{"line":445,"column":78}},"type":"binary-expr","locations":[{"start":{"line":445,"column":30},"end":{"line":445,"column":38}},{"start":{"line":445,"column":42},"end":{"line":445,"column":78}}],"line":445},"31":{"loc":{"start":{"line":453,"column":20},"end":{"line":453,"column":45}},"type":"binary-expr","locations":[{"start":{"line":453,"column":20},"end":{"line":453,"column":35}},{"start":{"line":453,"column":39},"end":{"line":453,"column":45}}],"line":453},"32":{"loc":{"start":{"line":455,"column":28},"end":{"line":455,"column":44}},"type":"binary-expr","locations":[{"start":{"line":455,"column":28},"end":{"line":455,"column":38}},{"start":{"line":455,"column":42},"end":{"line":455,"column":44}}],"line":455},"33":{"loc":{"start":{"line":457,"column":21},"end":{"line":457,"column":30}},"type":"binary-expr","locations":[{"start":{"line":457,"column":21},"end":{"line":457,"column":24}},{"start":{"line":457,"column":28},"end":{"line":457,"column":30}}],"line":457},"34":{"loc":{"start":{"line":458,"column":23},"end":{"line":458,"column":34}},"type":"binary-expr","locations":[{"start":{"line":458,"column":23},"end":{"line":458,"column":28}},{"start":{"line":458,"column":32},"end":{"line":458,"column":34}}],"line":458},"35":{"loc":{"start":{"line":463,"column":63},"end":{"line":463,"column":106}},"type":"binary-expr","locations":[{"start":{"line":463,"column":63},"end":{"line":463,"column":85}},{"start":{"line":463,"column":89},"end":{"line":463,"column":106}}],"line":463},"36":{"loc":{"start":{"line":476,"column":31},"end":{"line":476,"column":67}},"type":"cond-expr","locations":[{"start":{"line":476,"column":42},"end":{"line":476,"column":51}},{"start":{"line":476,"column":54},"end":{"line":476,"column":67}}],"line":476},"37":{"loc":{"start":{"line":496,"column":8},"end":{"line":501,"column":9}},"type":"if","locations":[{"start":{"line":496,"column":8},"end":{"line":501,"column":9}},{"start":{},"end":{}}],"line":496},"38":{"loc":{"start":{"line":503,"column":8},"end":{"line":508,"column":9}},"type":"if","locations":[{"start":{"line":503,"column":8},"end":{"line":508,"column":9}},{"start":{},"end":{}}],"line":503},"39":{"loc":{"start":{"line":511,"column":8},"end":{"line":511,"column":38}},"type":"if","locations":[{"start":{"line":511,"column":8},"end":{"line":511,"column":38}},{"start":{},"end":{}}],"line":511},"40":{"loc":{"start":{"line":512,"column":8},"end":{"line":512,"column":41}},"type":"if","locations":[{"start":{"line":512,"column":8},"end":{"line":512,"column":41}},{"start":{},"end":{}}],"line":512},"41":{"loc":{"start":{"line":513,"column":8},"end":{"line":513,"column":55}},"type":"if","locations":[{"start":{"line":513,"column":8},"end":{"line":513,"column":55}},{"start":{},"end":{}}],"line":513},"42":{"loc":{"start":{"line":515,"column":8},"end":{"line":515,"column":68}},"type":"if","locations":[{"start":{"line":515,"column":8},"end":{"line":515,"column":68}},{"start":{},"end":{}}],"line":515},"43":{"loc":{"start":{"line":516,"column":8},"end":{"line":516,"column":61}},"type":"if","locations":[{"start":{"line":516,"column":8},"end":{"line":516,"column":61}},{"start":{},"end":{}}],"line":516},"44":{"loc":{"start":{"line":517,"column":8},"end":{"line":517,"column":67}},"type":"if","locations":[{"start":{"line":517,"column":8},"end":{"line":517,"column":67}},{"start":{},"end":{}}],"line":517},"45":{"loc":{"start":{"line":549,"column":8},"end":{"line":554,"column":9}},"type":"if","locations":[{"start":{"line":549,"column":8},"end":{"line":554,"column":9}},{"start":{},"end":{}}],"line":549},"46":{"loc":{"start":{"line":556,"column":8},"end":{"line":561,"column":9}},"type":"if","locations":[{"start":{"line":556,"column":8},"end":{"line":561,"column":9}},{"start":{},"end":{}}],"line":556},"47":{"loc":{"start":{"line":587,"column":8},"end":{"line":592,"column":9}},"type":"if","locations":[{"start":{"line":587,"column":8},"end":{"line":592,"column":9}},{"start":{},"end":{}}],"line":587},"48":{"loc":{"start":{"line":596,"column":8},"end":{"line":601,"column":9}},"type":"if","locations":[{"start":{"line":596,"column":8},"end":{"line":601,"column":9}},{"start":{},"end":{}}],"line":596},"49":{"loc":{"start":{"line":596,"column":12},"end":{"line":596,"column":50}},"type":"binary-expr","locations":[{"start":{"line":596,"column":12},"end":{"line":596,"column":20}},{"start":{"line":596,"column":24},"end":{"line":596,"column":50}}],"line":596},"50":{"loc":{"start":{"line":604,"column":8},"end":{"line":609,"column":9}},"type":"if","locations":[{"start":{"line":604,"column":8},"end":{"line":609,"column":9}},{"start":{},"end":{}}],"line":604},"51":{"loc":{"start":{"line":637,"column":8},"end":{"line":642,"column":9}},"type":"if","locations":[{"start":{"line":637,"column":8},"end":{"line":642,"column":9}},{"start":{},"end":{}}],"line":637},"52":{"loc":{"start":{"line":637,"column":12},"end":{"line":637,"column":50}},"type":"binary-expr","locations":[{"start":{"line":637,"column":12},"end":{"line":637,"column":20}},{"start":{"line":637,"column":24},"end":{"line":637,"column":50}}],"line":637},"53":{"loc":{"start":{"line":673,"column":8},"end":{"line":678,"column":9}},"type":"if","locations":[{"start":{"line":673,"column":8},"end":{"line":678,"column":9}},{"start":{},"end":{}}],"line":673},"54":{"loc":{"start":{"line":682,"column":8},"end":{"line":687,"column":9}},"type":"if","locations":[{"start":{"line":682,"column":8},"end":{"line":687,"column":9}},{"start":{},"end":{}}],"line":682}},"s":{"0":1,"1":1,"2":1,"3":1,"4":1,"5":0,"6":0,"7":0,"8":0,"9":0,"10":0,"11":0,"12":0,"13":0,"14":0,"15":0,"16":0,"17":0,"18":0,"19":0,"20":0,"21":0,"22":0,"23":0,"24":0,"25":0,"26":0,"27":1,"28":0,"29":0,"30":0,"31":0,"32":0,"33":1,"34":0,"35":0,"36":0,"37":0,"38":0,"39":0,"40":0,"41":0,"42":0,"43":0,"44":0,"45":0,"46":0,"47":1,"48":0,"49":0,"50":0,"51":0,"52":0,"53":0,"54":0,"55":0,"56":0,"57":0,"58":0,"59":0,"60":0,"61":0,"62":0,"63":0,"64":1,"65":0,"66":0,"67":0,"68":0,"69":0,"70":0,"71":0,"72":0,"73":0,"74":0,"75":0,"76":0,"77":0,"78":0,"79":0,"80":1,"81":0,"82":0,"83":0,"84":0,"85":0,"86":1,"87":1,"88":1,"89":1,"90":0,"91":1,"92":1,"93":0,"94":1,"95":1,"96":1,"97":1,"98":0,"99":0,"100":1,"101":1,"102":1,"103":1,"104":1,"105":0,"106":1,"107":0,"108":1,"109":1,"110":1,"111":0,"112":0,"113":1,"114":0,"115":0,"116":0,"117":0,"118":0,"119":1,"120":3,"121":3,"122":3,"123":1,"124":2,"125":2,"126":1,"127":1,"128":1,"129":1,"130":1,"131":0,"132":0,"133":1,"134":0,"135":0,"136":0,"137":0,"138":0,"139":0,"140":0,"141":0,"142":0,"143":0,"144":0,"145":0,"146":0,"147":0,"148":0,"149":0,"150":0,"151":0,"152":0,"153":0,"154":0,"155":0,"156":0,"157":0,"158":1,"159":1,"160":1,"161":1,"162":1,"163":0,"164":1,"165":0,"166":1,"167":1,"168":1,"169":0,"170":0,"171":1,"172":0,"173":0,"174":0,"175":0,"176":0,"177":0,"178":0,"179":0,"180":0,"181":0,"182":0,"183":0,"184":0,"185":0,"186":0,"187":1,"188":0,"189":0,"190":0,"191":0,"192":0,"193":0,"194":0,"195":0,"196":0,"197":0,"198":0,"199":0,"200":1,"201":1,"202":1,"203":1,"204":0,"205":1,"206":1,"207":0,"208":1,"209":1,"210":1,"211":1,"212":1,"213":0,"214":0,"215":1},"f":{"0":0,"1":0,"2":0,"3":0,"4":0,"5":0,"6":1,"7":1,"8":0,"9":3,"10":0,"11":1,"12":0,"13":0,"14":0,"15":1},"b":{"0":[0,0],"1":[0,0],"2":[0,0],"3":[0,0],"4":[0,0],"5":[0,0],"6":[0,0],"7":[0,0],"8":[0,0],"9":[0,0],"10":[0,0],"11":[0,0],"12":[0,0],"13":[0,0],"14":[0,0],"15":[0,0],"16":[0,0],"17":[0,0],"18":[0,0],"19":[0,1],"20":[1,1],"21":[0,1],"22":[1,1],"23":[1,0],"24":[0,1],"25":[0,1],"26":[0,1],"27":[1,2],"28":[3,3],"29":[1,1],"30":[1,1],"31":[1,0],"32":[1,1],"33":[1,1],"34":[1,1],"35":[1,1],"36":[0,1],"37":[0,0],"38":[0,0],"39":[0,0],"40":[0,0],"41":[0,0],"42":[0,0],"43":[0,0],"44":[0,0],"45":[0,1],"46":[0,1],"47":[0,0],"48":[0,0],"49":[0,0],"50":[0,0],"51":[0,0],"52":[0,0],"53":[0,1],"54":[0,1]},"_coverageSchema":"1a1c01bbd47fc00a2c39e90264f33305004495a9","hash":"150c00cf9130fa41556883068a984853ce75e484"}
,"/Users/poirtyc/Desktop/sense-of-dance/backend/src/utils/telegram.js": {"path":"/Users/poirtyc/Desktop/sense-of-dance/backend/src/utils/telegram.js","statementMap":{"0":{"start":{"line":1,"column":14},"end":{"line":1,"column":30}},"1":{"start":{"line":2,"column":13},"end":{"line":2,"column":28}},"2":{"start":{"line":5,"column":24},"end":{"line":5,"column":91}},"3":{"start":{"line":11,"column":40},"end":{"line":11,"column":72}},"4":{"start":{"line":13,"column":17},"end":{"line":19,"column":6}},"5":{"start":{"line":21,"column":4},"end":{"line":33,"column":9}},"6":{"start":{"line":40,"column":4},"end":{"line":74,"column":5}},"7":{"start":{"line":41,"column":39},"end":{"line":41,"column":54}},"8":{"start":{"line":43,"column":8},"end":{"line":46,"column":9}},"9":{"start":{"line":44,"column":12},"end":{"line":44,"column":92}},"10":{"start":{"line":45,"column":12},"end":{"line":45,"column":25}},"11":{"start":{"line":48,"column":20},"end":{"line":48,"column":74}},"12":{"start":{"line":50,"column":25},"end":{"line":56,"column":10}},"13":{"start":{"line":58,"column":8},"end":{"line":64,"column":9}},"14":{"start":{"line":59,"column":12},"end":{"line":59,"column":63}},"15":{"start":{"line":60,"column":12},"end":{"line":60,"column":24}},"16":{"start":{"line":62,"column":12},"end":{"line":62,"column":67}},"17":{"start":{"line":63,"column":12},"end":{"line":63,"column":25}},"18":{"start":{"line":66,"column":8},"end":{"line":66,"column":70}},"19":{"start":{"line":68,"column":8},"end":{"line":70,"column":9}},"20":{"start":{"line":69,"column":12},"end":{"line":69,"column":65}},"21":{"start":{"line":73,"column":8},"end":{"line":73,"column":21}},"22":{"start":{"line":81,"column":4},"end":{"line":102,"column":5}},"23":{"start":{"line":82,"column":39},"end":{"line":82,"column":54}},"24":{"start":{"line":84,"column":8},"end":{"line":87,"column":9}},"25":{"start":{"line":85,"column":12},"end":{"line":85,"column":52}},"26":{"start":{"line":86,"column":12},"end":{"line":86,"column":25}},"27":{"start":{"line":89,"column":28},"end":{"line":89,"column":87}},"28":{"start":{"line":90,"column":23},"end":{"line":90,"column":66}},"29":{"start":{"line":92,"column":8},"end":{"line":96,"column":9}},"30":{"start":{"line":93,"column":12},"end":{"line":93,"column":61}},"31":{"start":{"line":95,"column":12},"end":{"line":95,"column":56}},"32":{"start":{"line":98,"column":8},"end":{"line":98,"column":22}},"33":{"start":{"line":100,"column":8},"end":{"line":100,"column":77}},"34":{"start":{"line":101,"column":8},"end":{"line":101,"column":21}},"35":{"start":{"line":105,"column":0},"end":{"line":109,"column":2}}},"fnMap":{"0":{"name":"formatBookingMessage","decl":{"start":{"line":10,"column":9},"end":{"line":10,"column":29}},"loc":{"start":{"line":10,"column":39},"end":{"line":34,"column":1}},"line":10},"1":{"name":"sendTelegramNotification","decl":{"start":{"line":39,"column":15},"end":{"line":39,"column":39}},"loc":{"start":{"line":39,"column":49},"end":{"line":75,"column":1}},"line":39},"2":{"name":"testTelegramBot","decl":{"start":{"line":80,"column":15},"end":{"line":80,"column":30}},"loc":{"start":{"line":80,"column":33},"end":{"line":103,"column":1}},"line":80}},"branchMap":{"0":{"loc":{"start":{"line":28,"column":22},"end":{"line":28,"column":51}},"type":"binary-expr","locations":[{"start":{"line":28,"column":22},"end":{"line":28,"column":36}},{"start":{"line":28,"column":40},"end":{"line":28,"column":51}}],"line":28},"1":{"loc":{"start":{"line":43,"column":8},"end":{"line":46,"column":9}},"type":"if","locations":[{"start":{"line":43,"column":8},"end":{"line":46,"column":9}},{"start":{},"end":{}}],"line":43},"2":{"loc":{"start":{"line":43,"column":12},"end":{"line":43,"column":34}},"type":"binary-expr","locations":[{"start":{"line":43,"column":12},"end":{"line":43,"column":22}},{"start":{"line":43,"column":26},"end":{"line":43,"column":34}}],"line":43},"3":{"loc":{"start":{"line":58,"column":8},"end":{"line":64,"column":9}},"type":"if","locations":[{"start":{"line":58,"column":8},"end":{"line":64,"column":9}},{"start":{"line":61,"column":15},"end":{"line":64,"column":9}}],"line":58},"4":{"loc":{"start":{"line":68,"column":8},"end":{"line":70,"column":9}},"type":"if","locations":[{"start":{"line":68,"column":8},"end":{"line":70,"column":9}},{"start":{},"end":{}}],"line":68},"5":{"loc":{"start":{"line":84,"column":8},"end":{"line":87,"column":9}},"type":"if","locations":[{"start":{"line":84,"column":8},"end":{"line":87,"column":9}},{"start":{},"end":{}}],"line":84},"6":{"loc":{"start":{"line":84,"column":12},"end":{"line":84,"column":34}},"type":"binary-expr","locations":[{"start":{"line":84,"column":12},"end":{"line":84,"column":22}},{"start":{"line":84,"column":26},"end":{"line":84,"column":34}}],"line":84},"7":{"loc":{"start":{"line":92,"column":8},"end":{"line":96,"column":9}},"type":"if","locations":[{"start":{"line":92,"column":8},"end":{"line":96,"column":9}},{"start":{"line":94,"column":15},"end":{"line":96,"column":9}}],"line":92}},"s":{"0":1,"1":1,"2":1,"3":1,"4":1,"5":1,"6":1,"7":1,"8":1,"9":0,"10":0,"11":1,"12":1,"13":1,"14":1,"15":1,"16":0,"17":0,"18":0,"19":0,"20":0,"21":0,"22":0,"23":0,"24":0,"25":0,"26":0,"27":0,"28":0,"29":0,"30":0,"31":0,"32":0,"33":0,"34":0,"35":1},"f":{"0":1,"1":1,"2":0},"b":{"0":[1,0],"1":[0,1],"2":[1,1],"3":[1,0],"4":[0,0],"5":[0,0],"6":[0,0],"7":[0,0]},"_coverageSchema":"1a1c01bbd47fc00a2c39e90264f33305004495a9","hash":"ab14f42019462daf945c01250aca8bc6303839e4"}
}
