TN:
SF:src/middleware/auth.js
FN:5,(anonymous_0)
FN:46,(anonymous_1)
FN:65,(anonymous_2)
FN:84,(anonymous_3)
FN:103,(anonymous_4)
FN:122,(anonymous_5)
FNF:6
FNH:5
FNDA:85,(anonymous_0)
FNDA:6,(anonymous_1)
FNDA:30,(anonymous_2)
FNDA:17,(anonymous_3)
FNDA:12,(anonymous_4)
FNDA:0,(anonymous_5)
DA:1,12
DA:2,12
DA:5,12
DA:9,85
DA:10,84
DA:13,85
DA:14,1
DA:20,84
DA:22,84
DA:25,84
DA:26,84
DA:28,84
DA:29,0
DA:35,84
DA:37,0
DA:38,0
DA:46,12
DA:47,6
DA:48,0
DA:54,6
DA:55,1
DA:61,5
DA:65,12
DA:66,30
DA:67,0
DA:73,30
DA:74,1
DA:80,29
DA:84,12
DA:85,17
DA:86,0
DA:92,17
DA:93,1
DA:99,16
DA:103,12
DA:104,12
DA:105,0
DA:111,12
DA:112,0
DA:118,12
DA:122,12
DA:123,0
DA:128,12
LF:43
LH:34
BRDA:9,0,0,84
BRDA:9,0,1,1
BRDA:9,1,0,85
BRDA:9,1,1,84
BRDA:13,2,0,1
BRDA:13,2,1,84
BRDA:25,3,0,84
BRDA:25,3,1,0
BRDA:28,4,0,0
BRDA:28,4,1,84
BRDA:47,5,0,0
BRDA:47,5,1,6
BRDA:54,6,0,1
BRDA:54,6,1,5
BRDA:66,7,0,0
BRDA:66,7,1,30
BRDA:73,8,0,1
BRDA:73,8,1,29
BRDA:85,9,0,0
BRDA:85,9,1,17
BRDA:92,10,0,1
BRDA:92,10,1,16
BRDA:104,11,0,0
BRDA:104,11,1,12
BRDA:111,12,0,0
BRDA:111,12,1,12
BRDA:124,13,0,0
BRDA:124,13,1,0
BRF:28
BRH:19
end_of_record
TN:
SF:src/models/Attendance.js
FNF:0
FNH:0
LF:0
LH:0
BRF:0
BRH:0
end_of_record
TN:
SF:src/models/Booking.js
FN:80,(anonymous_0)
FN:89,(anonymous_1)
FNF:2
FNH:1
FNDA:3,(anonymous_0)
FNDA:0,(anonymous_1)
DA:1,2
DA:3,2
DA:77,2
DA:80,2
DA:81,3
DA:82,3
DA:83,3
DA:84,3
DA:85,3
DA:89,2
DA:90,0
DA:92,0
DA:99,0
DA:100,0
DA:101,0
DA:102,0
DA:104,0
DA:107,2
LF:18
LH:11
BRDA:95,0,0,0
BRDA:95,0,1,0
BRF:2
BRH:0
end_of_record
TN:
SF:src/models/Class.js
FNF:0
FNH:0
DA:1,3
DA:3,3
DA:93,3
DA:94,3
DA:95,3
DA:97,3
LF:6
LH:6
BRF:0
BRH:0
end_of_record
TN:
SF:src/models/Direction.js
FNF:0
FNH:0
DA:1,1
DA:3,1
DA:59,1
LF:3
LH:3
BRF:0
BRH:0
end_of_record
TN:
SF:src/models/Freeze.js
FN:87,(anonymous_0)
FN:100,(anonymous_1)
FN:114,(anonymous_2)
FNF:3
FNH:0
FNDA:0,(anonymous_0)
FNDA:0,(anonymous_1)
FNDA:0,(anonymous_2)
DA:1,4
DA:3,4
DA:87,4
DA:88,0
DA:89,0
DA:92,0
DA:93,0
DA:94,0
DA:96,0
DA:100,4
DA:101,0
DA:102,0
DA:105,0
DA:106,0
DA:107,0
DA:108,0
DA:110,0
DA:114,4
DA:115,0
DA:116,0
DA:119,0
DA:120,0
DA:123,0
DA:126,0
DA:127,0
DA:130,0
DA:133,4
LF:27
LH:6
BRDA:88,0,0,0
BRDA:88,0,1,0
BRDA:101,1,0,0
BRDA:101,1,1,0
BRDA:115,2,0,0
BRDA:115,2,1,0
BRDA:119,3,0,0
BRDA:119,3,1,0
BRDA:126,4,0,0
BRDA:126,4,1,0
BRF:10
BRH:0
end_of_record
TN:
SF:src/models/Group.js
FN:96,(anonymous_0)
FN:101,(anonymous_1)
FN:106,(anonymous_2)
FN:108,(anonymous_3)
FNF:4
FNH:0
FNDA:0,(anonymous_0)
FNDA:0,(anonymous_1)
FNDA:0,(anonymous_2)
FNDA:0,(anonymous_3)
DA:1,8
DA:3,8
DA:96,8
DA:97,0
DA:101,8
DA:102,0
DA:106,8
DA:107,0
DA:108,0
DA:111,8
LF:10
LH:6
BRF:0
BRH:0
end_of_record
TN:
SF:src/models/Membership.js
FN:129,(anonymous_0)
FN:154,(anonymous_1)
FN:175,(anonymous_2)
FN:196,(anonymous_3)
FNF:4
FNH:1
FNDA:0,(anonymous_0)
FNDA:2,(anonymous_1)
FNDA:0,(anonymous_2)
FNDA:0,(anonymous_3)
DA:1,6
DA:3,6
DA:129,6
DA:130,0
DA:131,0
DA:134,0
DA:135,0
DA:137,0
DA:146,0
DA:147,0
DA:150,0
DA:154,6
DA:155,2
DA:156,2
DA:158,2
DA:167,2
DA:168,0
DA:171,2
DA:175,6
DA:176,0
DA:177,0
DA:180,0
DA:182,0
DA:190,0
DA:193,6
DA:196,6
DA:197,0
DA:204,0
DA:209,0
DA:212,0
DA:213,0
DA:214,0
DA:218,0
DA:230,0
DA:233,6
LF:35
LH:13
BRDA:129,0,0,0
BRDA:130,1,0,0
BRDA:130,1,1,0
BRDA:146,2,0,0
BRDA:146,2,1,0
BRDA:167,3,0,0
BRDA:167,3,1,2
BRDA:167,4,0,2
BRDA:167,4,1,0
BRDA:176,5,0,0
BRDA:176,5,1,0
BRDA:209,6,0,0
BRDA:209,6,1,0
BRDA:212,7,0,0
BRDA:212,7,1,0
BRF:15
BRH:2
end_of_record
TN:
SF:src/models/Payment.js
FNF:0
FNH:0
DA:1,2
DA:3,2
DA:41,2
LF:3
LH:3
BRF:0
BRH:0
end_of_record
TN:
SF:src/models/Practice.js
FNF:0
FNH:0
LF:0
LH:0
BRF:0
BRH:0
end_of_record
TN:
SF:src/models/RolePermissions.js
FN:79,(anonymous_0)
FNF:1
FNH:1
FNDA:5,(anonymous_0)
DA:1,1
DA:3,1
DA:79,1
DA:80,5
DA:276,5
DA:279,1
LF:6
LH:6
BRDA:276,0,0,5
BRDA:276,0,1,0
BRF:2
BRH:1
end_of_record
TN:
SF:src/models/Room.js
FNF:0
FNH:0
DA:1,1
DA:3,1
DA:26,1
DA:28,1
LF:4
LH:4
BRF:0
BRH:0
end_of_record
TN:
SF:src/models/Student.js
FN:39,(anonymous_0)
FN:114,(anonymous_1)
FN:129,(anonymous_2)
FN:134,(anonymous_3)
FN:141,(anonymous_4)
FN:142,(anonymous_5)
FNF:6
FNH:4
FNDA:215,(anonymous_0)
FNDA:215,(anonymous_1)
FNDA:2,(anonymous_2)
FNDA:21,(anonymous_3)
FNDA:0,(anonymous_4)
FNDA:0,(anonymous_5)
DA:1,13
DA:2,13
DA:4,13
DA:41,215
DA:114,13
DA:115,215
DA:116,8
DA:119,207
DA:120,207
DA:121,207
DA:122,207
DA:124,0
DA:129,13
DA:130,2
DA:134,13
DA:135,21
DA:136,21
DA:137,21
DA:141,13
DA:142,0
DA:145,13
LF:21
LH:19
BRDA:115,0,0,8
BRDA:115,0,1,207
BRF:2
BRH:2
end_of_record
TN:
SF:src/routes/admin.js
FN:19,(anonymous_0)
FN:97,(anonymous_1)
FN:122,(anonymous_2)
FNF:3
FNH:1
FNDA:1,(anonymous_0)
FNDA:0,(anonymous_1)
FNDA:0,(anonymous_2)
DA:1,1
DA:2,1
DA:3,1
DA:4,1
DA:5,1
DA:6,1
DA:7,1
DA:8,1
DA:9,1
DA:12,1
DA:13,1
DA:14,1
DA:19,1
DA:21,1
DA:22,1
DA:23,0
DA:25,1
DA:27,1
DA:28,1
DA:29,1
DA:41,1
DA:68,1
DA:70,1
DA:82,1
DA:83,1
DA:85,1
DA:87,0
DA:88,0
DA:97,1
DA:98,0
DA:99,0
DA:106,0
DA:112,0
DA:113,0
DA:122,1
DA:123,0
DA:124,0
DA:126,0
DA:128,0
DA:129,0
DA:135,0
DA:136,0
DA:139,0
DA:144,0
DA:150,0
DA:151,0
DA:157,1
LF:47
LH:28
BRDA:22,0,0,0
BRDA:22,0,1,1
BRDA:22,1,0,1
BRDA:22,1,1,0
BRDA:22,1,2,0
BRDA:68,2,0,0
BRDA:68,2,1,1
BRDA:128,3,0,0
BRDA:128,3,1,0
BRDA:128,4,0,0
BRDA:128,4,1,0
BRDA:135,5,0,0
BRDA:135,5,1,0
BRF:13
BRH:3
end_of_record
TN:
SF:src/routes/auth.js
FN:9,(anonymous_0)
FN:65,(anonymous_1)
FNF:2
FNH:2
FNDA:3,(anonymous_0)
FNDA:3,(anonymous_1)
DA:1,1
DA:2,1
DA:3,1
DA:4,1
DA:9,1
DA:10,3
DA:11,3
DA:14,3
DA:16,3
DA:17,1
DA:24,2
DA:26,2
DA:27,1
DA:34,1
DA:40,1
DA:42,1
DA:54,0
DA:55,0
DA:65,1
DA:66,3
DA:67,3
DA:70,3
DA:71,1
DA:78,2
DA:80,2
DA:81,1
DA:88,1
DA:99,1
DA:105,1
DA:107,1
DA:119,0
DA:120,0
DA:127,1
LF:33
LH:29
BRDA:16,0,0,1
BRDA:16,0,1,2
BRDA:26,1,0,1
BRDA:26,1,1,1
BRDA:70,2,0,1
BRDA:70,2,1,2
BRDA:70,3,0,3
BRDA:70,3,1,2
BRDA:70,3,2,2
BRDA:70,3,3,2
BRDA:80,4,0,1
BRDA:80,4,1,1
BRF:12
BRH:12
end_of_record
TN:
SF:src/routes/bookings.js
FN:15,(anonymous_0)
FN:53,(anonymous_1)
FN:83,(anonymous_2)
FN:112,(anonymous_3)
FN:151,(anonymous_4)
FN:189,(anonymous_5)
FN:359,(anonymous_6)
FN:399,(anonymous_7)
FNF:8
FNH:7
FNDA:2,(anonymous_0)
FNDA:2,(anonymous_1)
FNDA:1,(anonymous_2)
FNDA:3,(anonymous_3)
FNDA:1,(anonymous_4)
FNDA:3,(anonymous_5)
FNDA:0,(anonymous_6)
FNDA:1,(anonymous_7)
DA:1,1
DA:2,1
DA:3,1
DA:4,1
DA:5,1
DA:6,1
DA:11,1
DA:16,2
DA:17,2
DA:18,2
DA:19,1
DA:22,1
DA:24,1
DA:34,1
DA:35,1
DA:37,1
DA:43,0
DA:44,0
DA:53,1
DA:54,2
DA:55,2
DA:57,2
DA:58,2
DA:59,1
DA:62,2
DA:67,2
DA:73,0
DA:74,0
DA:83,1
DA:84,1
DA:85,1
DA:89,1
DA:90,0
DA:95,1
DA:100,0
DA:101,0
DA:110,1
DA:113,3
DA:114,3
DA:115,3
DA:116,0
DA:119,3
DA:121,3
DA:123,3
DA:124,0
DA:129,3
DA:131,3
DA:137,0
DA:138,0
DA:147,1
DA:152,1
DA:153,1
DA:154,1
DA:155,0
DA:158,1
DA:160,1
DA:171,1
DA:177,0
DA:178,0
DA:187,1
DA:190,3
DA:191,3
DA:193,3
DA:194,0
DA:200,3
DA:201,1
DA:208,2
DA:209,2
DA:211,2
DA:212,0
DA:219,2
DA:221,2
DA:222,0
DA:228,2
DA:229,1
DA:235,1
DA:236,0
DA:243,1
DA:244,1
DA:245,1
DA:246,0
DA:253,1
DA:256,1
DA:270,1
DA:273,1
DA:275,1
DA:276,1
DA:277,1
DA:279,0
DA:280,0
DA:281,0
DA:283,0
DA:284,0
DA:285,0
DA:288,1
DA:289,1
DA:290,1
DA:291,1
DA:293,1
DA:314,1
DA:315,1
DA:318,1
DA:319,1
DA:322,1
DA:323,1
DA:324,1
DA:325,1
DA:326,1
DA:328,1
DA:330,1
DA:348,0
DA:349,0
DA:359,1
DA:360,0
DA:362,0
DA:363,0
DA:369,0
DA:370,0
DA:372,0
DA:373,0
DA:379,0
DA:380,0
DA:382,0
DA:388,0
DA:389,0
DA:399,1
DA:400,1
DA:401,1
DA:403,1
DA:404,0
DA:409,1
DA:411,1
DA:416,0
DA:417,0
DA:423,1
LF:135
LH:93
BRDA:18,0,0,1
BRDA:18,0,1,1
BRDA:28,1,0,1
BRDA:28,1,1,1
BRDA:58,2,0,1
BRDA:58,2,1,1
BRDA:89,3,0,0
BRDA:89,3,1,1
BRDA:115,4,0,0
BRDA:115,4,1,3
BRDA:123,5,0,0
BRDA:123,5,1,3
BRDA:154,6,0,0
BRDA:154,6,1,1
BRDA:164,7,0,1
BRDA:164,7,1,0
BRDA:193,8,0,0
BRDA:193,8,1,3
BRDA:200,9,0,1
BRDA:200,9,1,2
BRDA:211,10,0,0
BRDA:211,10,1,2
BRDA:221,11,0,0
BRDA:221,11,1,2
BRDA:228,12,0,1
BRDA:228,12,1,1
BRDA:235,13,0,0
BRDA:235,13,1,1
BRDA:245,14,0,0
BRDA:245,14,1,1
BRDA:253,15,0,1
BRDA:253,15,1,1
BRDA:273,16,0,1
BRDA:273,16,1,0
BRDA:273,16,2,0
BRDA:288,17,0,0
BRDA:288,17,1,1
BRDA:318,18,0,1
BRDA:318,18,1,1
BRDA:345,19,0,0
BRDA:345,19,1,1
BRDA:362,20,0,0
BRDA:362,20,1,0
BRDA:372,21,0,0
BRDA:372,21,1,0
BRDA:379,22,0,0
BRDA:379,22,1,0
BRDA:403,23,0,0
BRDA:403,23,1,1
BRF:49
BRH:28
end_of_record
TN:
SF:src/routes/classes.js
FN:11,(anonymous_0)
FN:80,(anonymous_1)
FN:272,createRecurringClasses
FN:314,(anonymous_3)
FN:370,(anonymous_4)
FN:409,(anonymous_5)
FN:434,(anonymous_6)
FN:532,(anonymous_7)
FN:561,(anonymous_8)
FN:585,(anonymous_9)
FN:688,(anonymous_10)
FN:743,(anonymous_11)
FNF:12
FNH:6
FNDA:2,(anonymous_0)
FNDA:4,(anonymous_1)
FNDA:0,createRecurringClasses
FNDA:2,(anonymous_3)
FNDA:2,(anonymous_4)
FNDA:1,(anonymous_5)
FNDA:0,(anonymous_6)
FNDA:0,(anonymous_7)
FNDA:0,(anonymous_8)
FNDA:0,(anonymous_9)
FNDA:1,(anonymous_10)
FNDA:0,(anonymous_11)
DA:1,1
DA:2,1
DA:3,1
DA:4,1
DA:5,1
DA:6,1
DA:11,1
DA:12,2
DA:13,2
DA:14,2
DA:16,2
DA:19,2
DA:20,2
DA:21,0
DA:23,0
DA:27,2
DA:28,0
DA:32,2
DA:34,2
DA:35,2
DA:37,2
DA:38,2
DA:41,2
DA:42,2
DA:47,0
DA:52,2
DA:53,0
DA:56,2
DA:63,2
DA:69,0
DA:70,0
DA:80,1
DA:81,4
DA:94,4
DA:96,4
DA:97,1
DA:104,3
DA:105,3
DA:106,3
DA:108,3
DA:109,0
DA:110,0
DA:111,3
DA:112,0
DA:113,0
DA:114,3
DA:115,0
DA:116,0
DA:119,3
DA:120,3
DA:121,0
DA:131,3
DA:133,0
DA:136,3
DA:137,1
DA:138,1
DA:142,2
DA:146,3
DA:147,2
DA:148,0
DA:154,2
DA:155,0
DA:161,3
DA:162,3
DA:163,3
DA:166,3
DA:167,3
DA:169,3
DA:170,0
DA:171,0
DA:173,0
DA:174,0
DA:181,0
DA:184,0
DA:206,0
DA:207,0
DA:218,3
DA:219,0
DA:221,3
DA:224,3
DA:242,3
DA:243,0
DA:245,0
DA:252,3
DA:254,3
DA:256,3
DA:263,0
DA:264,0
DA:273,0
DA:274,0
DA:275,0
DA:276,0
DA:278,0
DA:280,0
DA:282,0
DA:283,0
DA:284,0
DA:285,0
DA:289,0
DA:291,0
DA:292,0
DA:294,0
DA:295,0
DA:296,0
DA:300,0
DA:302,0
DA:303,0
DA:304,0
DA:308,0
DA:314,1
DA:315,2
DA:316,2
DA:318,2
DA:320,2
DA:321,0
DA:328,2
DA:329,0
DA:336,2
DA:337,2
DA:338,2
DA:339,2
DA:340,2
DA:341,2
DA:344,2
DA:345,0
DA:346,0
DA:349,2
DA:351,2
DA:353,2
DA:359,0
DA:360,0
DA:370,1
DA:371,2
DA:372,2
DA:374,2
DA:375,0
DA:382,2
DA:383,0
DA:389,2
DA:391,2
DA:393,2
DA:398,0
DA:399,0
DA:409,1
DA:410,1
DA:411,1
DA:413,1
DA:415,1
DA:416,0
DA:422,1
DA:423,1
DA:424,1
DA:427,1
DA:433,1
DA:434,0
DA:437,1
DA:439,1
DA:441,0
DA:442,0
DA:445,1
DA:452,1
DA:457,1
DA:459,1
DA:460,0
DA:461,0
DA:462,0
DA:465,0
DA:466,0
DA:469,0
DA:470,0
DA:474,0
DA:475,0
DA:477,0
DA:478,0
DA:481,0
DA:482,0
DA:484,0
DA:487,0
DA:496,0
DA:498,0
DA:501,0
DA:503,0
DA:504,0
DA:508,0
DA:509,0
DA:515,1
DA:521,0
DA:522,0
DA:532,1
DA:533,0
DA:534,0
DA:535,0
DA:536,0
DA:537,0
DA:539,0
DA:543,0
DA:549,0
DA:550,0
DA:551,0
DA:552,0
DA:553,0
DA:555,0
DA:556,0
DA:560,0
DA:561,0
DA:562,0
DA:565,0
DA:566,0
DA:567,0
DA:568,0
DA:570,0
DA:571,0
DA:574,0
DA:582,0
DA:584,0
DA:585,0
DA:588,0
DA:589,0
DA:590,0
DA:594,0
DA:595,0
DA:596,0
DA:597,0
DA:598,0
DA:602,0
DA:603,0
DA:605,0
DA:606,0
DA:607,0
DA:608,0
DA:613,0
DA:614,0
DA:615,0
DA:616,0
DA:617,0
DA:619,0
DA:620,0
DA:621,0
DA:622,0
DA:626,0
DA:635,0
DA:636,0
DA:639,0
DA:641,0
DA:642,0
DA:643,0
DA:646,0
DA:647,0
DA:648,0
DA:652,0
DA:660,0
DA:663,0
DA:665,0
DA:677,0
DA:678,0
DA:688,1
DA:689,1
DA:690,1
DA:691,1
DA:694,1
DA:695,1
DA:696,1
DA:698,1
DA:704,1
DA:705,1
DA:709,1
DA:718,1
DA:720,1
DA:722,1
DA:723,0
DA:727,1
DA:728,1
DA:729,1
DA:733,0
DA:734,0
DA:735,0
DA:738,0
DA:739,0
DA:743,0
DA:744,0
DA:747,0
DA:748,0
DA:752,1
DA:757,0
DA:758,0
DA:765,1
LF:286
LH:119
BRDA:19,0,0,2
BRDA:19,0,1,0
BRDA:21,1,0,0
BRDA:21,1,1,0
BRDA:27,2,0,0
BRDA:27,2,1,2
BRDA:32,3,0,2
BRDA:32,3,1,0
BRDA:32,4,0,2
BRDA:32,4,1,2
BRDA:41,5,0,2
BRDA:41,5,1,0
BRDA:41,6,0,2
BRDA:41,6,1,2
BRDA:52,7,0,0
BRDA:52,7,1,2
BRDA:96,8,0,1
BRDA:96,8,1,3
BRDA:96,9,0,4
BRDA:96,9,1,4
BRDA:96,9,2,3
BRDA:96,9,3,3
BRDA:108,10,0,0
BRDA:108,10,1,3
BRDA:111,11,0,0
BRDA:111,11,1,3
BRDA:114,12,0,0
BRDA:114,12,1,3
BRDA:120,13,0,0
BRDA:120,13,1,3
BRDA:131,14,0,0
BRDA:131,14,1,3
BRDA:133,15,0,0
BRDA:133,15,1,0
BRDA:136,16,0,1
BRDA:136,16,1,2
BRDA:136,17,0,3
BRDA:136,17,1,1
BRDA:136,17,2,0
BRDA:142,18,0,2
BRDA:142,18,1,0
BRDA:146,19,0,2
BRDA:146,19,1,1
BRDA:147,20,0,0
BRDA:147,20,1,2
BRDA:147,21,0,2
BRDA:147,21,1,2
BRDA:154,22,0,0
BRDA:154,22,1,2
BRDA:163,23,0,3
BRDA:163,23,1,0
BRDA:169,24,0,0
BRDA:169,24,1,3
BRDA:173,25,0,0
BRDA:173,25,1,0
BRDA:181,26,0,0
BRDA:181,26,1,0
BRDA:206,27,0,0
BRDA:206,27,1,0
BRDA:218,28,0,0
BRDA:218,28,1,3
BRDA:225,29,0,0
BRDA:225,29,1,3
BRDA:227,30,0,3
BRDA:227,30,1,3
BRDA:232,31,0,3
BRDA:232,31,1,3
BRDA:233,32,0,3
BRDA:233,32,1,3
BRDA:234,33,0,3
BRDA:234,33,1,3
BRDA:235,34,0,3
BRDA:235,34,1,3
BRDA:237,35,0,3
BRDA:237,35,1,1
BRDA:242,36,0,0
BRDA:242,36,1,3
BRDA:242,37,0,3
BRDA:242,37,1,0
BRDA:242,37,2,0
BRDA:276,38,0,0
BRDA:276,38,1,0
BRDA:282,39,0,0
BRDA:282,39,1,0
BRDA:284,40,0,0
BRDA:284,40,1,0
BRDA:284,41,0,0
BRDA:284,41,1,0
BRDA:295,42,0,0
BRDA:295,42,1,0
BRDA:320,43,0,0
BRDA:320,43,1,2
BRDA:328,44,0,0
BRDA:328,44,1,2
BRDA:328,45,0,2
BRDA:328,45,1,2
BRDA:336,46,0,0
BRDA:336,46,1,2
BRDA:337,47,0,1
BRDA:337,47,1,1
BRDA:338,48,0,1
BRDA:338,48,1,1
BRDA:339,49,0,0
BRDA:339,49,1,2
BRDA:340,50,0,0
BRDA:340,50,1,2
BRDA:341,51,0,1
BRDA:341,51,1,1
BRDA:344,52,0,0
BRDA:344,52,1,2
BRDA:344,53,0,2
BRDA:344,53,1,0
BRDA:374,54,0,0
BRDA:374,54,1,2
BRDA:382,55,0,0
BRDA:382,55,1,2
BRDA:382,56,0,2
BRDA:382,56,1,0
BRDA:415,57,0,0
BRDA:415,57,1,1
BRDA:437,58,0,0
BRDA:437,58,1,1
BRDA:439,59,0,0
BRDA:439,59,1,1
BRDA:459,60,0,0
BRDA:459,60,1,1
BRDA:459,61,0,1
BRDA:459,61,1,1
BRDA:459,61,2,1
BRDA:459,61,3,0
BRDA:462,62,0,0
BRDA:462,62,1,0
BRDA:465,63,0,0
BRDA:465,63,1,0
BRDA:469,64,0,0
BRDA:469,64,1,0
BRDA:474,65,0,0
BRDA:474,65,1,0
BRDA:475,66,0,0
BRDA:475,66,1,0
BRDA:477,67,0,0
BRDA:477,67,1,0
BRDA:481,68,0,0
BRDA:481,68,1,0
BRDA:484,69,0,0
BRDA:484,69,1,0
BRDA:496,70,0,0
BRDA:496,70,1,0
BRDA:496,71,0,0
BRDA:496,71,1,0
BRDA:501,72,0,0
BRDA:501,72,1,0
BRDA:508,73,0,0
BRDA:508,73,1,0
BRDA:555,74,0,0
BRDA:555,74,1,0
BRDA:571,75,0,0
BRDA:571,75,1,0
BRDA:571,76,0,0
BRDA:571,76,1,0
BRDA:588,77,0,0
BRDA:588,77,1,0
BRDA:595,78,0,0
BRDA:595,78,1,0
BRDA:595,79,0,0
BRDA:595,79,1,0
BRDA:602,80,0,0
BRDA:602,80,1,0
BRDA:603,81,0,0
BRDA:603,81,1,0
BRDA:605,82,0,0
BRDA:605,82,1,0
BRDA:613,83,0,0
BRDA:613,83,1,0
BRDA:619,84,0,0
BRDA:619,84,1,0
BRDA:635,85,0,0
BRDA:635,85,1,0
BRDA:635,86,0,0
BRDA:635,86,1,0
BRDA:639,87,0,0
BRDA:639,87,1,0
BRDA:704,88,0,1
BRDA:704,88,1,0
BRDA:722,89,0,0
BRDA:722,89,1,1
BRDA:727,90,0,1
BRDA:727,90,1,1
BRDA:728,91,0,1
BRDA:728,91,1,0
BRDA:738,92,0,0
BRDA:738,92,1,0
BRDA:743,93,0,0
BRDA:743,93,1,0
BRDA:747,94,0,0
BRDA:747,94,1,0
BRF:196
BRH:79
end_of_record
TN:
SF:src/routes/directions.js
FN:9,(anonymous_0)
FN:32,(anonymous_1)
FN:54,(anonymous_2)
FN:97,(anonymous_3)
FN:195,(anonymous_4)
FNF:5
FNH:5
FNDA:1,(anonymous_0)
FNDA:1,(anonymous_1)
FNDA:1,(anonymous_2)
FNDA:1,(anonymous_3)
FNDA:1,(anonymous_4)
DA:1,1
DA:2,1
DA:3,1
DA:4,1
DA:9,1
DA:10,1
DA:11,1
DA:15,1
DA:21,0
DA:22,0
DA:32,1
DA:33,1
DA:34,1
DA:37,1
DA:43,0
DA:44,0
DA:54,1
DA:55,1
DA:56,1
DA:59,1
DA:60,1
DA:61,0
DA:67,1
DA:78,1
DA:80,1
DA:86,0
DA:87,0
DA:97,1
DA:98,1
DA:99,1
DA:101,1
DA:103,1
DA:104,0
DA:111,1
DA:112,0
DA:117,0
DA:119,0
DA:120,0
DA:121,0
DA:122,0
DA:125,0
DA:129,1
DA:130,1
DA:135,1
DA:136,0
DA:142,1
DA:146,1
DA:147,0
DA:150,1
DA:151,0
DA:154,1
DA:155,0
DA:158,1
DA:159,0
DA:162,1
DA:163,0
DA:170,1
DA:171,1
DA:174,1
DA:176,1
DA:178,1
DA:184,0
DA:185,0
DA:195,1
DA:196,1
DA:197,1
DA:199,1
DA:200,0
DA:207,1
DA:208,1
DA:210,1
DA:211,0
DA:217,1
DA:219,1
DA:221,1
DA:226,0
DA:227,0
DA:234,1
LF:78
LH:51
BRDA:60,0,0,0
BRDA:60,0,1,1
BRDA:69,1,0,1
BRDA:69,1,1,0
BRDA:70,2,0,1
BRDA:70,2,1,0
BRDA:71,3,0,1
BRDA:71,3,1,0
BRDA:72,4,0,1
BRDA:72,4,1,0
BRDA:73,5,0,1
BRDA:73,5,1,1
BRDA:74,6,0,1
BRDA:74,6,1,0
BRDA:103,7,0,0
BRDA:103,7,1,1
BRDA:111,8,0,0
BRDA:111,8,1,1
BRDA:111,9,0,1
BRDA:111,9,1,0
BRDA:117,10,0,0
BRDA:117,10,1,0
BRDA:129,11,0,1
BRDA:129,11,1,0
BRDA:129,12,0,1
BRDA:129,12,1,1
BRDA:135,13,0,0
BRDA:135,13,1,1
BRDA:146,14,0,0
BRDA:146,14,1,1
BRDA:150,15,0,0
BRDA:150,15,1,1
BRDA:154,16,0,0
BRDA:154,16,1,1
BRDA:158,17,0,0
BRDA:158,17,1,1
BRDA:162,18,0,0
BRDA:162,18,1,1
BRDA:164,19,0,0
BRDA:164,19,1,0
BRDA:164,19,2,0
BRDA:165,20,0,0
BRDA:165,20,1,0
BRDA:165,20,2,0
BRDA:166,21,0,0
BRDA:166,21,1,0
BRDA:166,21,2,0
BRDA:170,22,0,1
BRDA:170,22,1,0
BRDA:199,23,0,0
BRDA:199,23,1,1
BRDA:210,24,0,0
BRDA:210,24,1,1
BRF:53
BRH:23
end_of_record
TN:
SF:src/routes/freezes.js
FN:12,(anonymous_0)
FN:78,(anonymous_1)
FN:79,(anonymous_2)
FN:151,(anonymous_3)
FN:193,(anonymous_4)
FN:213,(anonymous_5)
FN:244,(anonymous_6)
FN:284,(anonymous_7)
FNF:8
FNH:2
FNDA:1,(anonymous_0)
FNDA:0,(anonymous_1)
FNDA:0,(anonymous_2)
FNDA:1,(anonymous_3)
FNDA:0,(anonymous_4)
FNDA:0,(anonymous_5)
FNDA:0,(anonymous_6)
FNDA:0,(anonymous_7)
DA:1,1
DA:2,1
DA:3,1
DA:4,1
DA:5,1
DA:6,1
DA:7,1
DA:12,1
DA:13,1
DA:14,1
DA:16,1
DA:17,1
DA:24,0
DA:25,0
DA:26,0
DA:32,0
DA:33,0
DA:34,0
DA:37,0
DA:38,0
DA:45,0
DA:46,0
DA:53,0
DA:54,0
DA:55,0
DA:63,0
DA:64,0
DA:71,0
DA:72,0
DA:74,0
DA:77,0
DA:78,0
DA:79,0
DA:81,0
DA:84,0
DA:89,0
DA:91,0
DA:93,0
DA:94,0
DA:101,0
DA:102,0
DA:103,0
DA:107,0
DA:110,0
DA:111,0
DA:115,0
DA:129,0
DA:130,0
DA:133,0
DA:135,0
DA:140,0
DA:141,0
DA:151,1
DA:152,1
DA:153,1
DA:154,1
DA:156,1
DA:159,1
DA:160,1
DA:161,0
DA:162,0
DA:166,1
DA:167,0
DA:170,1
DA:177,1
DA:182,0
DA:183,0
DA:193,1
DA:194,0
DA:195,0
DA:197,0
DA:202,0
DA:203,0
DA:213,1
DA:214,0
DA:215,0
DA:217,0
DA:218,0
DA:224,0
DA:226,0
DA:228,0
DA:233,0
DA:234,0
DA:244,1
DA:245,0
DA:246,0
DA:248,0
DA:249,0
DA:255,0
DA:257,0
DA:258,0
DA:264,0
DA:266,0
DA:268,0
DA:273,0
DA:274,0
DA:284,1
DA:285,0
DA:286,0
DA:288,0
DA:289,0
DA:296,0
DA:297,0
DA:299,0
DA:300,0
DA:307,0
DA:308,0
DA:314,0
DA:315,0
DA:317,0
DA:319,0
DA:324,0
DA:325,0
DA:332,1
LF:114
LH:27
BRDA:16,0,0,1
BRDA:16,0,1,0
BRDA:16,1,0,1
BRDA:16,1,1,0
BRDA:16,1,2,0
BRDA:16,1,3,0
BRDA:25,2,0,0
BRDA:25,2,1,0
BRDA:37,3,0,0
BRDA:37,3,1,0
BRDA:37,4,0,0
BRDA:37,4,1,0
BRDA:45,5,0,0
BRDA:45,5,1,0
BRDA:45,6,0,0
BRDA:45,6,1,0
BRDA:53,7,0,0
BRDA:53,7,1,0
BRDA:53,8,0,0
BRDA:53,8,1,0
BRDA:54,9,0,0
BRDA:54,9,1,0
BRDA:63,10,0,0
BRDA:63,10,1,0
BRDA:63,11,0,0
BRDA:63,11,1,0
BRDA:93,12,0,0
BRDA:93,12,1,0
BRDA:102,13,0,0
BRDA:102,13,1,0
BRDA:110,14,0,0
BRDA:110,14,1,0
BRDA:110,15,0,0
BRDA:110,15,1,0
BRDA:129,16,0,0
BRDA:129,16,1,0
BRDA:129,17,0,0
BRDA:129,17,1,0
BRDA:129,17,2,0
BRDA:143,18,0,0
BRDA:143,18,1,0
BRDA:159,19,0,1
BRDA:159,19,1,0
BRDA:161,20,0,0
BRDA:161,20,1,0
BRDA:166,21,0,0
BRDA:166,21,1,1
BRDA:217,22,0,0
BRDA:217,22,1,0
BRDA:236,23,0,0
BRDA:236,23,1,0
BRDA:248,24,0,0
BRDA:248,24,1,0
BRDA:257,25,0,0
BRDA:257,25,1,0
BRDA:276,26,0,0
BRDA:276,26,1,0
BRDA:288,27,0,0
BRDA:288,27,1,0
BRDA:299,28,0,0
BRDA:299,28,1,0
BRDA:299,29,0,0
BRDA:299,29,1,0
BRDA:307,30,0,0
BRDA:307,30,1,0
BRDA:307,31,0,0
BRDA:307,31,1,0
BRF:67
BRH:4
end_of_record
TN:
SF:src/routes/groups.js
FN:10,(anonymous_0)
FN:37,(anonymous_1)
FN:62,(anonymous_2)
FN:91,(anonymous_3)
FN:119,(anonymous_4)
FN:149,(anonymous_5)
FN:184,(anonymous_6)
FN:208,(anonymous_7)
FN:251,(anonymous_8)
FN:266,(anonymous_9)
FN:305,(anonymous_10)
FN:322,(anonymous_11)
FN:323,(anonymous_12)
FN:335,(anonymous_13)
FN:336,(anonymous_14)
FNF:15
FNH:13
FNDA:2,(anonymous_0)
FNDA:0,(anonymous_1)
FNDA:1,(anonymous_2)
FNDA:2,(anonymous_3)
FNDA:1,(anonymous_4)
FNDA:1,(anonymous_5)
FNDA:4,(anonymous_6)
FNDA:1,(anonymous_7)
FNDA:1,(anonymous_8)
FNDA:1,(anonymous_9)
FNDA:1,(anonymous_10)
FNDA:1,(anonymous_11)
FNDA:2,(anonymous_12)
FNDA:7,(anonymous_13)
FNDA:0,(anonymous_14)
DA:1,1
DA:2,1
DA:3,1
DA:4,1
DA:5,1
DA:10,1
DA:11,2
DA:12,2
DA:14,2
DA:15,2
DA:16,2
DA:17,2
DA:19,2
DA:21,2
DA:27,0
DA:28,0
DA:37,1
DA:38,0
DA:39,0
DA:41,0
DA:42,0
DA:47,0
DA:52,0
DA:53,0
DA:62,1
DA:63,1
DA:64,1
DA:66,1
DA:71,1
DA:77,0
DA:78,0
DA:87,1
DA:92,2
DA:93,2
DA:94,2
DA:95,1
DA:101,1
DA:103,1
DA:109,0
DA:110,0
DA:119,1
DA:120,1
DA:121,1
DA:127,1
DA:128,0
DA:133,1
DA:139,0
DA:140,0
DA:149,1
DA:150,1
DA:151,1
DA:153,1
DA:154,0
DA:160,1
DA:161,0
DA:167,1
DA:169,1
DA:174,0
DA:175,0
DA:184,1
DA:185,4
DA:186,4
DA:189,4
DA:190,4
DA:191,0
DA:198,4
DA:199,4
DA:200,4
DA:201,0
DA:208,4
DA:209,1
DA:212,4
DA:213,1
DA:220,3
DA:225,3
DA:228,3
DA:229,3
DA:231,3
DA:233,3
DA:240,0
DA:241,0
DA:251,1
DA:252,1
DA:253,1
DA:256,1
DA:257,1
DA:258,1
DA:259,0
DA:266,1
DA:267,1
DA:270,1
DA:271,0
DA:277,1
DA:278,1
DA:281,1
DA:282,1
DA:283,1
DA:284,1
DA:287,1
DA:289,1
DA:294,0
DA:295,0
DA:305,1
DA:306,1
DA:307,1
DA:312,1
DA:322,1
DA:323,1
DA:324,2
DA:335,1
DA:336,7
DA:337,0
DA:338,0
DA:339,0
DA:343,1
DA:348,0
DA:349,0
DA:356,1
LF:118
LH:85
BRDA:15,0,0,1
BRDA:15,0,1,1
BRDA:16,1,0,0
BRDA:16,1,1,2
BRDA:17,2,0,0
BRDA:17,2,1,2
BRDA:41,3,0,0
BRDA:41,3,1,0
BRDA:94,4,0,1
BRDA:94,4,1,1
BRDA:127,5,0,0
BRDA:127,5,1,1
BRDA:153,6,0,0
BRDA:153,6,1,1
BRDA:160,7,0,0
BRDA:160,7,1,1
BRDA:190,8,0,0
BRDA:190,8,1,4
BRDA:200,9,0,0
BRDA:200,9,1,4
BRDA:209,10,0,1
BRDA:209,10,1,1
BRDA:212,11,0,1
BRDA:212,11,1,3
BRDA:228,12,0,3
BRDA:228,12,1,3
BRDA:258,13,0,0
BRDA:258,13,1,1
BRDA:267,14,0,1
BRDA:267,14,1,1
BRDA:270,15,0,0
BRDA:270,15,1,1
BRDA:282,16,0,1
BRDA:282,16,1,0
BRDA:283,17,0,1
BRDA:283,17,1,0
BRDA:287,18,0,1
BRDA:287,18,1,0
BRDA:328,19,0,2
BRDA:328,19,1,2
BRDA:329,20,0,2
BRDA:329,20,1,2
BRF:42
BRH:28
end_of_record
TN:
SF:src/routes/memberships.js
FN:10,(anonymous_0)
FN:39,(anonymous_1)
FN:176,(anonymous_2)
FN:217,(anonymous_3)
FN:264,(anonymous_4)
FN:300,(anonymous_5)
FN:361,(anonymous_6)
FN:412,(anonymous_7)
FN:475,(anonymous_8)
FN:496,(anonymous_9)
FNF:10
FNH:5
FNDA:5,(anonymous_0)
FNDA:4,(anonymous_1)
FNDA:1,(anonymous_2)
FNDA:2,(anonymous_3)
FNDA:3,(anonymous_4)
FNDA:0,(anonymous_5)
FNDA:0,(anonymous_6)
FNDA:0,(anonymous_7)
FNDA:0,(anonymous_8)
FNDA:0,(anonymous_9)
DA:1,1
DA:2,1
DA:3,1
DA:4,1
DA:5,1
DA:10,1
DA:11,5
DA:12,5
DA:14,5
DA:15,0
DA:21,5
DA:22,0
DA:29,5
DA:30,5
DA:31,0
DA:38,5
DA:39,4
DA:42,5
DA:43,1
DA:51,4
DA:53,1
DA:54,1
DA:55,1
DA:57,2
DA:58,2
DA:59,2
DA:61,1
DA:62,1
DA:63,1
DA:65,0
DA:73,4
DA:78,4
DA:80,1
DA:81,1
DA:83,1
DA:84,1
DA:87,1
DA:88,1
DA:89,1
DA:90,1
DA:91,1
DA:92,1
DA:96,1
DA:97,1
DA:98,1
DA:99,1
DA:100,1
DA:101,1
DA:105,1
DA:113,1
DA:114,1
DA:117,1
DA:118,0
DA:119,0
DA:122,1
DA:125,3
DA:126,3
DA:127,3
DA:128,3
DA:130,3
DA:154,3
DA:155,3
DA:157,3
DA:160,4
DA:165,0
DA:166,0
DA:176,1
DA:177,1
DA:178,1
DA:183,1
DA:184,0
DA:191,1
DA:192,1
DA:194,1
DA:195,0
DA:201,1
DA:206,0
DA:207,0
DA:217,1
DA:218,2
DA:219,2
DA:221,2
DA:222,0
DA:228,2
DA:229,0
DA:235,2
DA:237,2
DA:238,0
DA:244,2
DA:246,2
DA:248,2
DA:253,0
DA:254,0
DA:264,1
DA:265,3
DA:266,3
DA:269,3
DA:270,3
DA:272,3
DA:273,0
DA:279,3
DA:284,3
DA:289,0
DA:290,0
DA:300,1
DA:301,0
DA:302,0
DA:303,0
DA:304,0
DA:307,0
DA:308,0
DA:314,0
DA:317,0
DA:318,0
DA:319,0
DA:321,0
DA:322,0
DA:323,0
DA:324,0
DA:327,0
DA:332,0
DA:339,0
DA:355,0
DA:361,0
DA:362,0
DA:366,0
DA:369,0
DA:375,0
DA:381,0
DA:401,0
DA:402,0
DA:412,1
DA:413,0
DA:414,0
DA:415,0
DA:418,0
DA:419,0
DA:420,0
DA:422,0
DA:423,0
DA:424,0
DA:425,0
DA:428,0
DA:432,0
DA:434,0
DA:436,0
DA:441,0
DA:448,0
DA:454,0
DA:469,0
DA:475,0
DA:476,0
DA:479,0
DA:496,0
DA:498,0
DA:508,0
DA:509,0
DA:516,1
LF:158
LH:87
BRDA:14,0,0,0
BRDA:14,0,1,5
BRDA:14,1,0,5
BRDA:14,1,1,5
BRDA:21,2,0,0
BRDA:21,2,1,5
BRDA:30,3,0,0
BRDA:30,3,1,5
BRDA:39,4,0,4
BRDA:39,4,1,4
BRDA:39,4,2,4
BRDA:42,5,0,1
BRDA:42,5,1,4
BRDA:51,6,0,1
BRDA:51,6,1,2
BRDA:51,6,2,1
BRDA:51,6,3,0
BRDA:78,7,0,1
BRDA:78,7,1,3
BRDA:80,8,0,1
BRDA:80,8,1,0
BRDA:89,9,0,1
BRDA:89,9,1,0
BRDA:97,10,0,1
BRDA:97,10,1,0
BRDA:98,11,0,1
BRDA:98,11,1,0
BRDA:117,12,0,0
BRDA:117,12,1,1
BRDA:117,13,0,1
BRDA:117,13,1,1
BRDA:125,14,0,3
BRDA:125,14,1,0
BRDA:126,15,0,0
BRDA:126,15,1,3
BRDA:183,16,0,0
BRDA:183,16,1,1
BRDA:194,17,0,0
BRDA:194,17,1,1
BRDA:194,18,0,1
BRDA:194,18,1,0
BRDA:221,19,0,0
BRDA:221,19,1,2
BRDA:221,20,0,2
BRDA:221,20,1,2
BRDA:228,21,0,0
BRDA:228,21,1,2
BRDA:237,22,0,0
BRDA:237,22,1,2
BRDA:256,23,0,0
BRDA:256,23,1,0
BRDA:272,24,0,0
BRDA:272,24,1,3
BRDA:272,25,0,3
BRDA:272,25,1,2
BRDA:307,26,0,0
BRDA:307,26,1,0
BRDA:307,27,0,0
BRDA:307,27,1,0
BRDA:390,28,0,0
BRDA:390,28,1,0
BRDA:486,29,0,0
BRDA:486,29,1,0
BRF:63
BRH:35
end_of_record
TN:
SF:src/routes/payments.js
FN:8,(anonymous_0)
FNF:1
FNH:1
FNDA:1,(anonymous_0)
DA:1,1
DA:2,1
DA:3,1
DA:8,1
DA:9,1
DA:11,1
DA:16,0
DA:17,0
DA:24,1
LF:9
LH:7
BRF:0
BRH:0
end_of_record
TN:
SF:src/routes/permissions.js
FN:12,(anonymous_0)
FN:57,(anonymous_1)
FN:130,(anonymous_2)
FNF:3
FNH:1
FNDA:2,(anonymous_0)
FNDA:0,(anonymous_1)
FNDA:0,(anonymous_2)
DA:1,1
DA:2,1
DA:3,1
DA:4,1
DA:7,1
DA:8,1
DA:9,1
DA:12,1
DA:14,2
DA:15,2
DA:16,1
DA:19,1
DA:20,1
DA:23,1
DA:24,1
DA:25,1
DA:27,1
DA:28,5
DA:29,5
DA:33,5
DA:36,1
DA:40,1
DA:41,1
DA:43,1
DA:48,0
DA:49,0
DA:57,1
DA:58,0
DA:59,0
DA:60,0
DA:63,0
DA:64,0
DA:65,0
DA:72,0
DA:73,0
DA:80,0
DA:82,0
DA:84,0
DA:85,0
DA:92,0
DA:93,0
DA:100,0
DA:101,0
DA:107,0
DA:110,0
DA:111,0
DA:113,0
DA:115,0
DA:121,0
DA:122,0
DA:130,1
DA:131,0
DA:132,0
DA:134,0
DA:135,0
DA:136,0
DA:142,0
DA:144,0
DA:146,0
DA:147,0
DA:152,0
DA:153,0
DA:156,0
DA:159,0
DA:160,0
DA:162,0
DA:164,0
DA:170,0
DA:171,0
DA:178,1
LF:70
LH:27
BRDA:15,0,0,1
BRDA:15,0,1,1
BRDA:15,1,0,2
BRDA:15,1,1,1
BRDA:15,1,2,1
BRDA:23,2,0,1
BRDA:23,2,1,0
BRDA:64,3,0,0
BRDA:64,3,1,0
BRDA:72,4,0,0
BRDA:72,4,1,0
BRDA:82,5,0,0
BRDA:82,5,1,0
BRDA:92,6,0,0
BRDA:92,6,1,0
BRDA:100,7,0,0
BRDA:100,7,1,0
BRDA:135,8,0,0
BRDA:135,8,1,0
BRDA:146,9,0,0
BRDA:146,9,1,0
BRF:21
BRH:6
end_of_record
TN:
SF:src/routes/practices.js
FN:8,(anonymous_0)
FNF:1
FNH:0
FNDA:0,(anonymous_0)
DA:1,0
DA:2,0
DA:3,0
DA:8,0
DA:9,0
DA:11,0
DA:16,0
DA:17,0
DA:24,0
LF:9
LH:0
BRF:0
BRH:0
end_of_record
TN:
SF:src/routes/rooms.js
FN:9,(anonymous_0)
FN:37,(anonymous_1)
FN:80,(anonymous_2)
FN:119,(anonymous_3)
FNF:4
FNH:4
FNDA:1,(anonymous_0)
FNDA:2,(anonymous_1)
FNDA:1,(anonymous_2)
FNDA:1,(anonymous_3)
DA:1,1
DA:2,1
DA:3,1
DA:4,1
DA:9,1
DA:10,1
DA:11,1
DA:13,1
DA:14,1
DA:15,0
DA:18,1
DA:20,1
DA:26,0
DA:27,0
DA:37,1
DA:38,2
DA:39,2
DA:41,2
DA:42,1
DA:48,1
DA:53,1
DA:55,1
DA:61,0
DA:63,0
DA:64,0
DA:70,0
DA:80,1
DA:81,1
DA:82,1
DA:84,1
DA:86,1
DA:87,0
DA:94,1
DA:95,1
DA:96,1
DA:98,1
DA:100,1
DA:102,1
DA:108,0
DA:109,0
DA:119,1
DA:120,1
DA:121,1
DA:123,1
DA:124,0
DA:130,1
DA:132,1
DA:134,1
DA:139,0
DA:140,0
DA:147,1
LF:51
LH:38
BRDA:14,0,0,0
BRDA:14,0,1,1
BRDA:41,1,0,1
BRDA:41,1,1,1
BRDA:50,2,0,1
BRDA:50,2,1,0
BRDA:63,3,0,0
BRDA:63,3,1,0
BRDA:86,4,0,0
BRDA:86,4,1,1
BRDA:94,5,0,1
BRDA:94,5,1,0
BRDA:95,6,0,0
BRDA:95,6,1,1
BRDA:96,7,0,0
BRDA:96,7,1,1
BRDA:123,8,0,0
BRDA:123,8,1,1
BRF:18
BRH:9
end_of_record
TN:
SF:src/routes/students.js
FN:9,(anonymous_0)
FN:35,(anonymous_1)
FN:74,(anonymous_2)
FN:113,(anonymous_3)
FN:127,(anonymous_4)
FN:135,(anonymous_5)
FN:176,(anonymous_6)
FN:190,(anonymous_7)
FN:225,(anonymous_8)
FN:274,(anonymous_9)
FN:325,(anonymous_10)
FN:356,(anonymous_11)
FN:392,(anonymous_12)
FN:394,(anonymous_13)
FN:395,(anonymous_14)
FN:416,(anonymous_15)
FN:417,(anonymous_16)
FN:425,(anonymous_17)
FN:432,(anonymous_18)
FN:433,(anonymous_19)
FN:461,(anonymous_20)
FN:498,(anonymous_21)
FN:500,(anonymous_22)
FN:501,(anonymous_23)
FN:525,(anonymous_24)
FN:526,(anonymous_25)
FN:530,(anonymous_26)
FN:535,(anonymous_27)
FN:536,(anonymous_28)
FN:540,(anonymous_29)
FN:541,(anonymous_30)
FN:549,(anonymous_31)
FN:550,(anonymous_32)
FN:557,(anonymous_33)
FN:558,(anonymous_34)
FN:559,(anonymous_35)
FN:565,(anonymous_36)
FN:566,(anonymous_37)
FN:603,(anonymous_38)
FN:631,(anonymous_39)
FN:632,(anonymous_40)
FN:665,(anonymous_41)
FN:672,(anonymous_42)
FN:673,(anonymous_43)
FN:681,(anonymous_44)
FN:682,(anonymous_45)
FN:693,(anonymous_46)
FN:694,(anonymous_47)
FN:695,(anonymous_48)
FN:701,(anonymous_49)
FN:702,(anonymous_50)
FN:736,(anonymous_51)
FN:763,(anonymous_52)
FN:764,(anonymous_53)
FN:795,(anonymous_54)
FN:796,(anonymous_55)
FN:801,(anonymous_56)
FN:845,(anonymous_57)
FN:871,(anonymous_58)
FN:872,(anonymous_59)
FN:897,(anonymous_60)
FN:939,(anonymous_61)
FN:965,(anonymous_62)
FN:966,(anonymous_63)
FN:991,(anonymous_64)
FN:1019,(anonymous_65)
FNF:66
FNH:8
FNDA:1,(anonymous_0)
FNDA:5,(anonymous_1)
FNDA:3,(anonymous_2)
FNDA:0,(anonymous_3)
FNDA:0,(anonymous_4)
FNDA:0,(anonymous_5)
FNDA:0,(anonymous_6)
FNDA:0,(anonymous_7)
FNDA:4,(anonymous_8)
FNDA:1,(anonymous_9)
FNDA:0,(anonymous_10)
FNDA:1,(anonymous_11)
FNDA:2,(anonymous_12)
FNDA:0,(anonymous_13)
FNDA:0,(anonymous_14)
FNDA:0,(anonymous_15)
FNDA:0,(anonymous_16)
FNDA:0,(anonymous_17)
FNDA:0,(anonymous_18)
FNDA:0,(anonymous_19)
FNDA:0,(anonymous_20)
FNDA:0,(anonymous_21)
FNDA:0,(anonymous_22)
FNDA:0,(anonymous_23)
FNDA:0,(anonymous_24)
FNDA:0,(anonymous_25)
FNDA:0,(anonymous_26)
FNDA:0,(anonymous_27)
FNDA:0,(anonymous_28)
FNDA:0,(anonymous_29)
FNDA:0,(anonymous_30)
FNDA:0,(anonymous_31)
FNDA:0,(anonymous_32)
FNDA:0,(anonymous_33)
FNDA:0,(anonymous_34)
FNDA:0,(anonymous_35)
FNDA:0,(anonymous_36)
FNDA:0,(anonymous_37)
FNDA:1,(anonymous_38)
FNDA:0,(anonymous_39)
FNDA:0,(anonymous_40)
FNDA:0,(anonymous_41)
FNDA:0,(anonymous_42)
FNDA:0,(anonymous_43)
FNDA:0,(anonymous_44)
FNDA:0,(anonymous_45)
FNDA:0,(anonymous_46)
FNDA:0,(anonymous_47)
FNDA:0,(anonymous_48)
FNDA:0,(anonymous_49)
FNDA:0,(anonymous_50)
FNDA:0,(anonymous_51)
FNDA:0,(anonymous_52)
FNDA:0,(anonymous_53)
FNDA:0,(anonymous_54)
FNDA:0,(anonymous_55)
FNDA:0,(anonymous_56)
FNDA:0,(anonymous_57)
FNDA:0,(anonymous_58)
FNDA:0,(anonymous_59)
FNDA:0,(anonymous_60)
FNDA:0,(anonymous_61)
FNDA:0,(anonymous_62)
FNDA:0,(anonymous_63)
FNDA:0,(anonymous_64)
FNDA:0,(anonymous_65)
DA:1,1
DA:2,1
DA:3,1
DA:4,1
DA:9,1
DA:10,1
DA:11,1
DA:18,1
DA:24,0
DA:25,0
DA:35,1
DA:36,5
DA:37,5
DA:39,5
DA:42,5
DA:43,1
DA:46,5
DA:47,3
DA:53,5
DA:58,5
DA:64,0
DA:65,0
DA:74,1
DA:75,3
DA:77,3
DA:78,3
DA:80,3
DA:81,0
DA:87,3
DA:91,3
DA:92,1
DA:98,2
DA:103,0
DA:104,0
DA:113,1
DA:114,0
DA:115,0
DA:117,0
DA:119,0
DA:120,0
DA:127,0
DA:128,0
DA:129,0
DA:135,0
DA:136,0
DA:139,0
DA:140,0
DA:146,0
DA:152,0
DA:155,0
DA:156,0
DA:160,0
DA:166,0
DA:167,0
DA:176,1
DA:177,0
DA:178,0
DA:180,0
DA:182,0
DA:183,0
DA:190,0
DA:191,0
DA:194,0
DA:195,0
DA:200,0
DA:201,0
DA:204,0
DA:205,0
DA:209,0
DA:215,0
DA:216,0
DA:225,1
DA:226,4
DA:228,4
DA:229,4
DA:231,4
DA:232,1
DA:238,3
DA:240,3
DA:241,3
DA:242,3
DA:243,3
DA:245,3
DA:251,3
DA:252,0
DA:258,3
DA:264,0
DA:265,0
DA:274,1
DA:275,1
DA:276,1
DA:279,1
DA:280,0
DA:286,1
DA:288,1
DA:289,0
DA:296,1
DA:297,0
DA:306,1
DA:307,1
DA:308,1
DA:311,1
DA:312,1
DA:313,1
DA:316,1
DA:317,1
DA:321,1
DA:324,1
DA:325,1
DA:326,1
DA:327,0
DA:332,1
DA:335,1
DA:337,1
DA:339,1
DA:345,0
DA:346,0
DA:356,1
DA:357,1
DA:358,1
DA:360,1
DA:361,0
DA:367,1
DA:369,1
DA:370,0
DA:376,1
DA:378,1
DA:379,1
DA:381,1
DA:382,1
DA:383,1
DA:386,1
DA:391,1
DA:392,1
DA:393,2
DA:394,0
DA:396,0
DA:397,0
DA:404,1
DA:411,1
DA:413,1
DA:414,2
DA:415,2
DA:416,0
DA:417,0
DA:421,2
DA:422,2
DA:425,2
DA:426,0
DA:427,0
DA:428,0
DA:432,2
DA:433,0
DA:434,0
DA:438,2
DA:440,2
DA:445,1
DA:450,0
DA:451,0
DA:461,1
DA:462,0
DA:463,0
DA:465,0
DA:466,0
DA:473,0
DA:475,0
DA:476,0
DA:482,0
DA:484,0
DA:485,0
DA:487,0
DA:488,0
DA:489,0
DA:492,0
DA:497,0
DA:498,0
DA:499,0
DA:500,0
DA:502,0
DA:503,0
DA:509,0
DA:515,0
DA:520,0
DA:522,0
DA:523,0
DA:524,0
DA:525,0
DA:526,0
DA:530,0
DA:531,0
DA:535,0
DA:536,0
DA:539,0
DA:540,0
DA:541,0
DA:542,0
DA:545,0
DA:546,0
DA:549,0
DA:550,0
DA:551,0
DA:554,0
DA:557,0
DA:558,0
DA:559,0
DA:560,0
DA:562,0
DA:565,0
DA:566,0
DA:567,0
DA:576,0
DA:587,0
DA:592,0
DA:593,0
DA:603,1
DA:604,1
DA:605,1
DA:608,1
DA:609,1
DA:611,1
DA:612,0
DA:618,1
DA:621,1
DA:629,1
DA:630,1
DA:631,0
DA:632,0
DA:636,1
DA:637,1
DA:640,1
DA:641,1
DA:645,1
DA:651,1
DA:653,0
DA:659,1
DA:662,1
DA:665,1
DA:666,0
DA:667,0
DA:669,0
DA:672,1
DA:673,0
DA:674,0
DA:677,1
DA:678,1
DA:681,1
DA:682,0
DA:683,0
DA:686,1
DA:689,1
DA:690,1
DA:691,1
DA:693,1
DA:694,1
DA:695,0
DA:696,0
DA:698,1
DA:701,1
DA:702,0
DA:703,0
DA:712,1
DA:725,0
DA:726,0
DA:736,1
DA:737,0
DA:738,0
DA:739,0
DA:741,0
DA:742,0
DA:748,0
DA:749,0
DA:752,0
DA:754,0
DA:755,0
DA:762,0
DA:763,0
DA:764,0
DA:766,0
DA:767,0
DA:775,0
DA:776,0
DA:777,0
DA:779,0
DA:789,0
DA:795,0
DA:796,0
DA:797,0
DA:801,0
DA:802,0
DA:803,0
DA:804,0
DA:806,0
DA:807,0
DA:808,0
DA:810,0
DA:813,0
DA:814,0
DA:815,0
DA:816,0
DA:817,0
DA:820,0
DA:828,0
DA:834,0
DA:835,0
DA:845,1
DA:846,0
DA:847,0
DA:848,0
DA:850,0
DA:851,0
DA:857,0
DA:860,0
DA:862,0
DA:863,0
DA:870,0
DA:871,0
DA:872,0
DA:874,0
DA:875,0
DA:882,0
DA:883,0
DA:884,0
DA:886,0
DA:897,0
DA:898,0
DA:907,0
DA:920,0
DA:922,0
DA:928,0
DA:929,0
DA:939,1
DA:940,0
DA:941,0
DA:942,0
DA:944,0
DA:945,0
DA:951,0
DA:954,0
DA:956,0
DA:957,0
DA:964,0
DA:965,0
DA:966,0
DA:968,0
DA:969,0
DA:976,0
DA:977,0
DA:978,0
DA:980,0
DA:991,0
DA:1002,0
DA:1008,0
DA:1009,0
DA:1019,1
DA:1020,0
DA:1021,0
DA:1024,0
DA:1025,0
DA:1031,0
DA:1033,0
DA:1034,0
DA:1041,0
DA:1042,0
DA:1043,0
DA:1045,0
DA:1047,0
DA:1053,0
DA:1054,0
DA:1061,1
LF:369
LH:132
BRDA:42,0,0,1
BRDA:42,0,1,4
BRDA:46,1,0,3
BRDA:46,1,1,2
BRDA:80,2,0,0
BRDA:80,2,1,3
BRDA:80,3,0,3
BRDA:80,3,1,1
BRDA:91,4,0,1
BRDA:91,4,1,2
BRDA:119,5,0,0
BRDA:119,5,1,0
BRDA:128,6,0,0
BRDA:128,6,1,0
BRDA:136,7,0,0
BRDA:136,7,1,0
BRDA:139,8,0,0
BRDA:139,8,1,0
BRDA:182,9,0,0
BRDA:182,9,1,0
BRDA:194,10,0,0
BRDA:194,10,1,0
BRDA:231,11,0,1
BRDA:231,11,1,3
BRDA:231,12,0,4
BRDA:231,12,1,2
BRDA:241,13,0,1
BRDA:241,13,1,2
BRDA:242,14,0,2
BRDA:242,14,1,1
BRDA:243,15,0,0
BRDA:243,15,1,3
BRDA:251,16,0,0
BRDA:251,16,1,3
BRDA:279,17,0,0
BRDA:279,17,1,1
BRDA:288,18,0,0
BRDA:288,18,1,1
BRDA:296,19,0,0
BRDA:296,19,1,1
BRDA:360,20,0,0
BRDA:360,20,1,1
BRDA:360,21,0,1
BRDA:360,21,1,1
BRDA:369,22,0,0
BRDA:369,22,1,1
BRDA:396,23,0,0
BRDA:396,23,1,0
BRDA:422,24,0,0
BRDA:422,24,1,2
BRDA:422,25,0,0
BRDA:422,25,1,0
BRDA:426,26,0,0
BRDA:426,26,1,0
BRDA:427,27,0,0
BRDA:427,27,1,0
BRDA:427,28,0,0
BRDA:427,28,1,0
BRDA:434,29,0,0
BRDA:434,29,1,0
BRDA:465,30,0,0
BRDA:465,30,1,0
BRDA:465,31,0,0
BRDA:465,31,1,0
BRDA:475,32,0,0
BRDA:475,32,1,0
BRDA:502,33,0,0
BRDA:502,33,1,0
BRDA:542,34,0,0
BRDA:542,34,1,0
BRDA:546,35,0,0
BRDA:546,35,1,0
BRDA:551,36,0,0
BRDA:551,36,1,0
BRDA:554,37,0,0
BRDA:554,37,1,0
BRDA:560,38,0,0
BRDA:560,38,1,0
BRDA:560,38,2,0
BRDA:570,39,0,0
BRDA:570,39,1,0
BRDA:571,40,0,0
BRDA:571,40,1,0
BRDA:611,41,0,0
BRDA:611,41,1,1
BRDA:611,42,0,1
BRDA:611,42,1,0
BRDA:637,43,0,0
BRDA:637,43,1,1
BRDA:637,44,0,0
BRDA:637,44,1,0
BRDA:651,45,0,0
BRDA:651,45,1,1
BRDA:666,46,0,0
BRDA:666,46,1,0
BRDA:666,47,0,0
BRDA:666,47,1,0
BRDA:674,48,0,0
BRDA:674,48,1,0
BRDA:678,49,0,0
BRDA:678,49,1,1
BRDA:683,50,0,0
BRDA:683,50,1,0
BRDA:686,51,0,0
BRDA:686,51,1,1
BRDA:696,52,0,0
BRDA:696,52,1,0
BRDA:696,52,2,0
BRDA:706,53,0,0
BRDA:706,53,1,0
BRDA:707,54,0,0
BRDA:707,54,1,0
BRDA:741,55,0,0
BRDA:741,55,1,0
BRDA:741,56,0,0
BRDA:741,56,1,0
BRDA:754,57,0,0
BRDA:754,57,1,0
BRDA:764,58,0,0
BRDA:764,58,1,0
BRDA:766,59,0,0
BRDA:766,59,1,0
BRDA:797,60,0,0
BRDA:797,60,1,0
BRDA:810,61,0,0
BRDA:810,61,1,0
BRDA:814,62,0,0
BRDA:814,62,1,0
BRDA:816,63,0,0
BRDA:816,63,1,0
BRDA:816,64,0,0
BRDA:816,64,1,0
BRDA:822,65,0,0
BRDA:822,65,1,0
BRDA:850,66,0,0
BRDA:850,66,1,0
BRDA:850,67,0,0
BRDA:850,67,1,0
BRDA:862,68,0,0
BRDA:862,68,1,0
BRDA:872,69,0,0
BRDA:872,69,1,0
BRDA:874,70,0,0
BRDA:874,70,1,0
BRDA:910,71,0,0
BRDA:910,71,1,0
BRDA:910,71,2,0
BRDA:911,72,0,0
BRDA:911,72,1,0
BRDA:915,73,0,0
BRDA:915,73,1,0
BRDA:916,74,0,0
BRDA:916,74,1,0
BRDA:944,75,0,0
BRDA:944,75,1,0
BRDA:944,76,0,0
BRDA:944,76,1,0
BRDA:956,77,0,0
BRDA:956,77,1,0
BRDA:966,78,0,0
BRDA:966,78,1,0
BRDA:968,79,0,0
BRDA:968,79,1,0
BRDA:994,80,0,0
BRDA:994,80,1,0
BRDA:995,81,0,0
BRDA:995,81,1,0
BRDA:999,82,0,0
BRDA:999,82,1,0
BRDA:1024,83,0,0
BRDA:1024,83,1,0
BRDA:1033,84,0,0
BRDA:1033,84,1,0
BRF:173
BRH:33
end_of_record
TN:
SF:src/routes/users.js
FN:9,(anonymous_0)
FN:89,(anonymous_1)
FN:112,(anonymous_2)
FN:171,(anonymous_3)
FN:227,(anonymous_4)
FN:283,(anonymous_5)
FN:306,(anonymous_6)
FN:362,(anonymous_7)
FN:403,(anonymous_8)
FN:426,(anonymous_9)
FN:489,(anonymous_10)
FN:543,(anonymous_11)
FN:582,(anonymous_12)
FN:630,(anonymous_13)
FN:645,(anonymous_14)
FN:668,(anonymous_15)
FNF:16
FNH:5
FNDA:0,(anonymous_0)
FNDA:0,(anonymous_1)
FNDA:0,(anonymous_2)
FNDA:0,(anonymous_3)
FNDA:0,(anonymous_4)
FNDA:0,(anonymous_5)
FNDA:1,(anonymous_6)
FNDA:1,(anonymous_7)
FNDA:0,(anonymous_8)
FNDA:3,(anonymous_9)
FNDA:0,(anonymous_10)
FNDA:1,(anonymous_11)
FNDA:0,(anonymous_12)
FNDA:0,(anonymous_13)
FNDA:0,(anonymous_14)
FNDA:1,(anonymous_15)
DA:1,1
DA:2,1
DA:3,1
DA:4,1
DA:9,1
DA:10,0
DA:11,0
DA:12,0
DA:15,0
DA:16,0
DA:23,0
DA:24,0
DA:25,0
DA:32,0
DA:33,0
DA:39,0
DA:41,0
DA:42,0
DA:48,0
DA:49,0
DA:52,0
DA:53,0
DA:61,0
DA:64,0
DA:66,0
DA:78,0
DA:79,0
DA:89,1
DA:90,0
DA:91,0
DA:96,0
DA:103,0
DA:104,0
DA:112,1
DA:113,0
DA:114,0
DA:117,0
DA:118,0
DA:125,0
DA:126,0
DA:127,0
DA:134,0
DA:136,0
DA:146,0
DA:148,0
DA:162,0
DA:163,0
DA:171,1
DA:172,0
DA:173,0
DA:176,0
DA:177,0
DA:183,0
DA:185,0
DA:186,0
DA:192,0
DA:193,0
DA:200,0
DA:201,0
DA:207,0
DA:210,0
DA:212,0
DA:218,0
DA:219,0
DA:227,1
DA:228,0
DA:229,0
DA:232,0
DA:233,0
DA:239,0
DA:241,0
DA:242,0
DA:248,0
DA:249,0
DA:255,0
DA:256,0
DA:259,0
DA:261,0
DA:272,0
DA:273,0
DA:283,1
DA:284,0
DA:285,0
DA:290,0
DA:297,0
DA:298,0
DA:306,1
DA:307,1
DA:308,1
DA:310,1
DA:311,0
DA:317,1
DA:318,1
DA:319,0
DA:325,1
DA:327,1
DA:337,1
DA:339,1
DA:353,0
DA:354,0
DA:362,1
DA:363,1
DA:364,1
DA:366,1
DA:368,1
DA:369,0
DA:375,1
DA:376,0
DA:382,1
DA:384,1
DA:386,1
DA:392,0
DA:393,0
DA:403,1
DA:404,0
DA:405,0
DA:410,0
DA:417,0
DA:418,0
DA:426,1
DA:427,3
DA:428,3
DA:430,3
DA:431,1
DA:437,2
DA:438,2
DA:439,1
DA:445,1
DA:447,1
DA:463,1
DA:465,1
DA:480,0
DA:481,0
DA:489,1
DA:490,0
DA:491,0
DA:492,0
DA:494,0
DA:496,0
DA:497,0
DA:503,0
DA:504,0
DA:511,0
DA:512,0
DA:513,0
DA:515,0
DA:516,0
DA:517,0
DA:519,0
DA:521,0
DA:534,0
DA:535,0
DA:543,1
DA:544,1
DA:545,1
DA:547,1
DA:549,1
DA:550,0
DA:556,1
DA:557,0
DA:563,1
DA:565,1
DA:567,1
DA:573,0
DA:574,0
DA:582,1
DA:583,0
DA:584,0
DA:585,0
DA:587,0
DA:588,0
DA:594,0
DA:596,0
DA:597,0
DA:604,0
DA:605,0
DA:611,0
DA:612,0
DA:614,0
DA:621,0
DA:622,0
DA:630,1
DA:631,0
DA:632,0
DA:633,0
DA:635,0
DA:637,0
DA:638,0
DA:644,0
DA:645,0
DA:648,0
DA:650,0
DA:657,0
DA:658,0
DA:668,1
DA:669,1
DA:670,1
DA:673,1
DA:674,0
DA:680,1
DA:682,1
DA:683,0
DA:690,1
DA:693,1
DA:694,1
DA:696,1
DA:698,1
DA:710,0
DA:711,0
DA:718,1
LF:210
LH:66
BRDA:15,0,0,0
BRDA:15,0,1,0
BRDA:24,1,0,0
BRDA:24,1,1,0
BRDA:32,2,0,0
BRDA:32,2,1,0
BRDA:41,3,0,0
BRDA:41,3,1,0
BRDA:52,4,0,0
BRDA:52,4,1,0
BRDA:52,5,0,0
BRDA:52,5,1,0
BRDA:117,6,0,0
BRDA:117,6,1,0
BRDA:117,7,0,0
BRDA:117,7,1,0
BRDA:126,8,0,0
BRDA:126,8,1,0
BRDA:134,9,0,0
BRDA:134,9,1,0
BRDA:142,10,0,0
BRDA:142,10,1,0
BRDA:158,11,0,0
BRDA:158,11,1,0
BRDA:176,12,0,0
BRDA:176,12,1,0
BRDA:185,13,0,0
BRDA:185,13,1,0
BRDA:192,14,0,0
BRDA:192,14,1,0
BRDA:200,15,0,0
BRDA:200,15,1,0
BRDA:232,16,0,0
BRDA:232,16,1,0
BRDA:241,17,0,0
BRDA:241,17,1,0
BRDA:248,18,0,0
BRDA:248,18,1,0
BRDA:310,19,0,0
BRDA:310,19,1,1
BRDA:310,20,0,1
BRDA:310,20,1,1
BRDA:318,21,0,0
BRDA:318,21,1,1
BRDA:325,22,0,1
BRDA:325,22,1,1
BRDA:333,23,0,1
BRDA:333,23,1,0
BRDA:349,24,0,0
BRDA:349,24,1,1
BRDA:368,25,0,0
BRDA:368,25,1,1
BRDA:375,26,0,0
BRDA:375,26,1,1
BRDA:430,27,0,1
BRDA:430,27,1,2
BRDA:430,28,0,3
BRDA:430,28,1,3
BRDA:438,29,0,1
BRDA:438,29,1,1
BRDA:445,30,0,1
BRDA:445,30,1,1
BRDA:453,31,0,1
BRDA:453,31,1,0
BRDA:455,32,0,1
BRDA:455,32,1,1
BRDA:457,33,0,1
BRDA:457,33,1,1
BRDA:458,34,0,1
BRDA:458,34,1,1
BRDA:463,35,0,1
BRDA:463,35,1,1
BRDA:476,36,0,0
BRDA:476,36,1,1
BRDA:496,37,0,0
BRDA:496,37,1,0
BRDA:503,38,0,0
BRDA:503,38,1,0
BRDA:511,39,0,0
BRDA:511,39,1,0
BRDA:512,40,0,0
BRDA:512,40,1,0
BRDA:513,41,0,0
BRDA:513,41,1,0
BRDA:515,42,0,0
BRDA:515,42,1,0
BRDA:516,43,0,0
BRDA:516,43,1,0
BRDA:517,44,0,0
BRDA:517,44,1,0
BRDA:549,45,0,0
BRDA:549,45,1,1
BRDA:556,46,0,0
BRDA:556,46,1,1
BRDA:587,47,0,0
BRDA:587,47,1,0
BRDA:596,48,0,0
BRDA:596,48,1,0
BRDA:596,49,0,0
BRDA:596,49,1,0
BRDA:604,50,0,0
BRDA:604,50,1,0
BRDA:637,51,0,0
BRDA:637,51,1,0
BRDA:637,52,0,0
BRDA:637,52,1,0
BRDA:673,53,0,0
BRDA:673,53,1,1
BRDA:682,54,0,0
BRDA:682,54,1,1
BRF:110
BRH:32
end_of_record
TN:
SF:src/utils/telegram.js
FN:10,formatBookingMessage
FN:39,sendTelegramNotification
FN:80,testTelegramBot
FNF:3
FNH:2
FNDA:1,formatBookingMessage
FNDA:1,sendTelegramNotification
FNDA:0,testTelegramBot
DA:1,1
DA:2,1
DA:5,1
DA:11,1
DA:13,1
DA:21,1
DA:40,1
DA:41,1
DA:43,1
DA:44,0
DA:45,0
DA:48,1
DA:50,1
DA:58,1
DA:59,1
DA:60,1
DA:62,0
DA:63,0
DA:66,0
DA:68,0
DA:69,0
DA:73,0
DA:81,0
DA:82,0
DA:84,0
DA:85,0
DA:86,0
DA:89,0
DA:90,0
DA:92,0
DA:93,0
DA:95,0
DA:98,0
DA:100,0
DA:101,0
DA:105,1
LF:36
LH:15
BRDA:28,0,0,1
BRDA:28,0,1,0
BRDA:43,1,0,0
BRDA:43,1,1,1
BRDA:43,2,0,1
BRDA:43,2,1,1
BRDA:58,3,0,1
BRDA:58,3,1,0
BRDA:68,4,0,0
BRDA:68,4,1,0
BRDA:84,5,0,0
BRDA:84,5,1,0
BRDA:84,6,0,0
BRDA:84,6,1,0
BRDA:92,7,0,0
BRDA:92,7,1,0
BRF:16
BRH:5
end_of_record
